[2024-10-19 04:35:32] local.INFO: user Login by auth0  
[2024-10-19 04:35:33] local.INFO: user Login by auth0  
[2024-10-19 04:35:35] local.INFO: already logIn go to dashboard   
[2024-10-19 05:25:06] local.INFO: already logIn go to dashboard   
[2024-10-19 05:25:19] local.INFO: the user present, go for dashboard  {"user":"admin@ecm.com"} 
[2024-10-19 05:25:19] local.INFO: dashboard data for  master admin {"user":{"App\\Models\\User":{"_id":"6440d5a27f86dd3c207e5096","first_name":"ECM","last_name":"Admin","email":"admin@ecm.com","role_id":"6440caeb7f86dd3c207e508f","status":"1","full_name":"ECM Admin"}}} 
[2024-10-19 05:26:35] local.ERROR: Error in agent list by user : Call to undefined method App\Models\User::id()  
[2024-10-19 05:27:11] local.ERROR: Error in agent list by user : Call to undefined method App\Models\User::id()  
[2024-10-19 05:28:10] local.INFO: Agent page  method called. {"ip_address":"127.0.0.1","user_id":"admin@ecm.com"} 
[2024-10-19 05:28:11] local.INFO: getDwsServicesInfo{"vatRates":0,"lastName":null,"country":null,"agentsAllowed":17,"city":null,"telephone1":null,"priceList":{"unit":"mo","ticketPrice":0.1,"ticketCurrency":"EUR","agentCost":1,"bonus":[],"channelBasicCost":30,"id":4},"channelsBasicIDs":[0,13],"billingFullName":"Emvoltic","postalcode":null,"billingVatID":null,"company":null,"currency":"EUR","fax":null,"credit":45,"email":"avadhut.tayshete@powr2.com","vatCode":"IT2","channelsAllowed":2,"cost":{"unit":"mo","total":77,"channelsBasic":60,"agents":17},"billingCodCountry":"IN","vatViesEUVATID":null,"address2":null,"address1":null,"timeZone":null,"stateprovince":null,"billingStateProvince":null,"billingRegNum":null,"firstName":null,"channelsBasicAllowed":2,"vatViesEU":false,"billingPostalCode":"411057","billingAddress":null,"localeID":"en_IN","billingCity":"Pune","agentsInstalled":7}  
[2024-10-19 05:28:11] local.ERROR: Error in agent list by user : Call to undefined method App\Models\User::id()  
[2024-10-19 05:29:13] local.INFO: Agent page  method called. {"ip_address":"127.0.0.1","user_id":"admin@ecm.com"} 
[2024-10-19 05:29:14] local.INFO: getDwsServicesInfo{"vatRates":0,"lastName":null,"country":null,"agentsAllowed":17,"city":null,"telephone1":null,"priceList":{"unit":"mo","ticketPrice":0.1,"ticketCurrency":"EUR","agentCost":1,"bonus":[],"channelBasicCost":30,"id":4},"channelsBasicIDs":[0,13],"billingFullName":"Emvoltic","postalcode":null,"billingVatID":null,"company":null,"currency":"EUR","fax":null,"credit":45,"email":"avadhut.tayshete@powr2.com","vatCode":"IT2","channelsAllowed":2,"cost":{"unit":"mo","total":77,"channelsBasic":60,"agents":17},"billingCodCountry":"IN","vatViesEUVATID":null,"address2":null,"address1":null,"timeZone":null,"stateprovince":null,"billingStateProvince":null,"billingRegNum":null,"firstName":null,"channelsBasicAllowed":2,"vatViesEU":false,"billingPostalCode":"411057","billingAddress":null,"localeID":"en_IN","billingCity":"Pune","agentsInstalled":7}  
[2024-10-19 05:29:14] local.ERROR: Error in agent list by user : Call to undefined method App\Models\User::id()  
[2024-10-19 05:29:58] local.INFO: Agent page  method called. {"ip_address":"127.0.0.1","user_id":"admin@ecm.com"} 
[2024-10-19 05:29:59] local.INFO: getDwsServicesInfo{"vatRates":0,"lastName":null,"country":null,"agentsAllowed":17,"city":null,"telephone1":null,"priceList":{"unit":"mo","ticketPrice":0.1,"ticketCurrency":"EUR","agentCost":1,"bonus":[],"channelBasicCost":30,"id":4},"channelsBasicIDs":[0,13],"billingFullName":"Emvoltic","postalcode":null,"billingVatID":null,"company":null,"currency":"EUR","fax":null,"credit":45,"email":"avadhut.tayshete@powr2.com","vatCode":"IT2","channelsAllowed":2,"cost":{"unit":"mo","total":77,"channelsBasic":60,"agents":17},"billingCodCountry":"IN","vatViesEUVATID":null,"address2":null,"address1":null,"timeZone":null,"stateprovince":null,"billingStateProvince":null,"billingRegNum":null,"firstName":null,"channelsBasicAllowed":2,"vatViesEU":false,"billingPostalCode":"411057","billingAddress":null,"localeID":"en_IN","billingCity":"Pune","agentsInstalled":7}  
[2024-10-19 05:29:59] local.INFO: Agent page retrieved successfully. {"ip_address":"127.0.0.1","user_id":"admin@ecm.com"} 
[2024-10-19 07:22:49] local.INFO: Agent page  method called. {"ip_address":"127.0.0.1","user_id":"admin@ecm.com"} 
[2024-10-19 07:22:50] local.INFO: getDwsServicesInfo{"vatRates":0,"lastName":null,"country":null,"agentsAllowed":17,"city":null,"telephone1":null,"priceList":{"unit":"mo","ticketPrice":0.1,"ticketCurrency":"EUR","agentCost":1,"bonus":[],"channelBasicCost":30,"id":4},"channelsBasicIDs":[0,13],"billingFullName":"Emvoltic","postalcode":null,"billingVatID":null,"company":null,"currency":"EUR","fax":null,"credit":45,"email":"avadhut.tayshete@powr2.com","vatCode":"IT2","channelsAllowed":2,"cost":{"unit":"mo","total":77,"channelsBasic":60,"agents":17},"billingCodCountry":"IN","vatViesEUVATID":null,"address2":null,"address1":null,"timeZone":null,"stateprovince":null,"billingStateProvince":null,"billingRegNum":null,"firstName":null,"channelsBasicAllowed":2,"vatViesEU":false,"billingPostalCode":"411057","billingAddress":null,"localeID":"en_IN","billingCity":"Pune","agentsInstalled":7}  
[2024-10-19 07:22:50] local.INFO: Agent page retrieved successfully. {"ip_address":"127.0.0.1","user_id":"admin@ecm.com"} 
[2024-10-19 07:27:47] local.INFO: company list page  
[2024-10-19 07:27:54] local.INFO: login by company id {"company id":"65d3600e089609bbe4070b22"} 
[2024-10-19 07:28:16] local.INFO: Error page [{"title":"Home","module":"Notification Message","heading":"Notification Message","devices":{"Illuminate\\Database\\Eloquent\\Collection":[{"_id":"65e5f198f6f78502b9021270","user_id":"65e5d8287761f2bb5f0a46c2","user_id_str":"65e5d8287761f2bb5f0a46c2","name":"PP0306201047","description":"","macid":"c0:49:ef:d7:40:7c","serial_no":"GJAHJD5464","location":{"lat":"40.7127753","long":"-74.0059728","address":"New York, NY, USA"},"hardware":"","cluster_id":"66588190bb48eb89010bcf52","status":1,"company_id":"65d3600e089609bbe4070b22","install_code":"909449328","agent_id":"FYozIAAWxHWUwKYQYFcE","created_by":"65e5d8287761f2bb5f0a46c2","created_at":"2024-03-04T16:06:48.000000Z","updated_at":"2024-05-30T13:39:38.741000Z","is_verified":1,"verified":"DEVICE_VARIFIED","channel_id":"0"}]}}] 
[2024-10-19 07:33:21] local.INFO: Error page [{"title":"Home","module":"Error","heading":"Error","devices":{"Illuminate\\Database\\Eloquent\\Collection":[{"_id":"65e5f198f6f78502b9021270","user_id":"65e5d8287761f2bb5f0a46c2","user_id_str":"65e5d8287761f2bb5f0a46c2","name":"PP0306201047","description":"","macid":"c0:49:ef:d7:40:7c","serial_no":"GJAHJD5464","location":{"lat":"40.7127753","long":"-74.0059728","address":"New York, NY, USA"},"hardware":"","cluster_id":"66588190bb48eb89010bcf52","status":1,"company_id":"65d3600e089609bbe4070b22","install_code":"909449328","agent_id":"FYozIAAWxHWUwKYQYFcE","created_by":"65e5d8287761f2bb5f0a46c2","created_at":"2024-03-04T16:06:48.000000Z","updated_at":"2024-05-30T13:39:38.741000Z","is_verified":1,"verified":"DEVICE_VARIFIED","channel_id":"0"}]}}] 
[2024-10-19 08:47:02] local.INFO: the new users list page retrived successfully by user {"ip_address":"127.0.0.1","user_id":"admin@ecm.com"} 
[2024-10-19 08:47:09] local.INFO: user list page retrived by user successfully {"ip_address":"127.0.0.1","user_id":"admin@ecm.com"} 
[2024-10-19 10:17:15] local.INFO: login by company id {"company id":"65d3600e089609bbe4070b22"} 
[2024-10-19 10:46:07] local.INFO: the Country page retrived successfully by user {"ip_address":"127.0.0.1","user_id":"admin@ecm.com"} 
[2024-10-19 11:31:55] local.INFO: Agent page  method called. {"ip_address":"127.0.0.1","user_id":"admin@ecm.com"} 
[2024-10-19 11:31:55] local.INFO: getDwsServicesInfo{"vatRates":0,"lastName":null,"country":null,"agentsAllowed":17,"city":null,"telephone1":null,"priceList":{"unit":"mo","ticketPrice":0.1,"ticketCurrency":"EUR","agentCost":1,"bonus":[],"channelBasicCost":30,"id":4},"channelsBasicIDs":[0,13],"billingFullName":"Emvoltic","postalcode":null,"billingVatID":null,"company":null,"currency":"EUR","fax":null,"credit":45,"email":"avadhut.tayshete@powr2.com","vatCode":"IT2","channelsAllowed":2,"cost":{"unit":"mo","total":77,"channelsBasic":60,"agents":17},"billingCodCountry":"IN","vatViesEUVATID":null,"address2":null,"address1":null,"timeZone":null,"stateprovince":null,"billingStateProvince":null,"billingRegNum":null,"firstName":null,"channelsBasicAllowed":2,"vatViesEU":false,"billingPostalCode":"411057","billingAddress":null,"localeID":"en_IN","billingCity":"Pune","agentsInstalled":7}  
[2024-10-19 11:31:55] local.INFO: Agent page retrieved successfully. {"ip_address":"127.0.0.1","user_id":"admin@ecm.com"} 
[2024-10-19 11:32:02] local.INFO: channel list page retrived by user successfully {"ip_address":"127.0.0.1","user_id":"admin@ecm.com"} 
[2024-10-19 11:32:06] local.INFO: reporting page  
[2024-10-19 11:33:10] local.ERROR: Error in reporting page {"exception":"[object] (ErrorException(code: 0): Undefined variable $request at C:\\laragon\\www\\ECM_php_branch_vijaya\\app\\Http\\Controllers\\ReportingController.php:13)
[stacktrace]
#0 C:\\laragon\\www\\ECM_php_branch_vijaya\\app\\Http\\Controllers\\ReportingController.php(13): Illuminate\\Foundation\\Bootstrap\\HandleExceptions->handleError(2, 'Undefined varia...', 'C:\\\\laragon\\\\www\\\\...', 13)
#1 C:\\laragon\\www\\ECM_php_branch_vijaya\\vendor\\laravel\\framework\\src\\Illuminate\\Routing\\Controller.php(54): App\\Http\\Controllers\\ReportingController->showreport()
#2 C:\\laragon\\www\\ECM_php_branch_vijaya\\vendor\\laravel\\framework\\src\\Illuminate\\Routing\\ControllerDispatcher.php(45): Illuminate\\Routing\\Controller->callAction('showreport', Array)
#3 C:\\laragon\\www\\ECM_php_branch_vijaya\\vendor\\laravel\\framework\\src\\Illuminate\\Routing\\Route.php(262): Illuminate\\Routing\\ControllerDispatcher->dispatch(Object(Illuminate\\Routing\\Route), Object(App\\Http\\Controllers\\ReportingController), 'showreport')
#4 C:\\laragon\\www\\ECM_php_branch_vijaya\\vendor\\laravel\\framework\\src\\Illuminate\\Routing\\Route.php(205): Illuminate\\Routing\\Route->runController()
#5 C:\\laragon\\www\\ECM_php_branch_vijaya\\vendor\\laravel\\framework\\src\\Illuminate\\Routing\\Router.php(721): Illuminate\\Routing\\Route->run()
#6 C:\\laragon\\www\\ECM_php_branch_vijaya\\vendor\\laravel\\framework\\src\\Illuminate\\Pipeline\\Pipeline.php(128): Illuminate\\Routing\\Router->Illuminate\\Routing\\{closure}(Object(Illuminate\\Http\\Request))
#7 C:\\laragon\\www\\ECM_php_branch_vijaya\\vendor\\laravel\\framework\\src\\Illuminate\\Routing\\Middleware\\SubstituteBindings.php(50): Illuminate\\Pipeline\\Pipeline->Illuminate\\Pipeline\\{closure}(Object(Illuminate\\Http\\Request))
#8 C:\\laragon\\www\\ECM_php_branch_vijaya\\vendor\\laravel\\framework\\src\\Illuminate\\Pipeline\\Pipeline.php(167): Illuminate\\Routing\\Middleware\\SubstituteBindings->handle(Object(Illuminate\\Http\\Request), Object(Closure))
#9 C:\\laragon\\www\\ECM_php_branch_vijaya\\vendor\\laravel\\framework\\src\\Illuminate\\Auth\\Middleware\\Authenticate.php(44): Illuminate\\Pipeline\\Pipeline->Illuminate\\Pipeline\\{closure}(Object(Illuminate\\Http\\Request))
#10 C:\\laragon\\www\\ECM_php_branch_vijaya\\vendor\\laravel\\framework\\src\\Illuminate\\Pipeline\\Pipeline.php(167): Illuminate\\Auth\\Middleware\\Authenticate->handle(Object(Illuminate\\Http\\Request), Object(Closure), 'admin')
#11 C:\\laragon\\www\\ECM_php_branch_vijaya\\vendor\\laravel\\framework\\src\\Illuminate\\Foundation\\Http\\Middleware\\VerifyCsrfToken.php(78): Illuminate\\Pipeline\\Pipeline->Illuminate\\Pipeline\\{closure}(Object(Illuminate\\Http\\Request))
#12 C:\\laragon\\www\\ECM_php_branch_vijaya\\vendor\\laravel\\framework\\src\\Illuminate\\Pipeline\\Pipeline.php(167): Illuminate\\Foundation\\Http\\Middleware\\VerifyCsrfToken->handle(Object(Illuminate\\Http\\Request), Object(Closure))
#13 C:\\laragon\\www\\ECM_php_branch_vijaya\\vendor\\laravel\\framework\\src\\Illuminate\\View\\Middleware\\ShareErrorsFromSession.php(49): Illuminate\\Pipeline\\Pipeline->Illuminate\\Pipeline\\{closure}(Object(Illuminate\\Http\\Request))
#14 C:\\laragon\\www\\ECM_php_branch_vijaya\\vendor\\laravel\\framework\\src\\Illuminate\\Pipeline\\Pipeline.php(167): Illuminate\\View\\Middleware\\ShareErrorsFromSession->handle(Object(Illuminate\\Http\\Request), Object(Closure))
#15 C:\\laragon\\www\\ECM_php_branch_vijaya\\vendor\\laravel\\framework\\src\\Illuminate\\Session\\Middleware\\StartSession.php(121): Illuminate\\Pipeline\\Pipeline->Illuminate\\Pipeline\\{closure}(Object(Illuminate\\Http\\Request))
#16 C:\\laragon\\www\\ECM_php_branch_vijaya\\vendor\\laravel\\framework\\src\\Illuminate\\Session\\Middleware\\StartSession.php(64): Illuminate\\Session\\Middleware\\StartSession->handleStatefulRequest(Object(Illuminate\\Http\\Request), Object(Illuminate\\Session\\Store), Object(Closure))
#17 C:\\laragon\\www\\ECM_php_branch_vijaya\\vendor\\laravel\\framework\\src\\Illuminate\\Pipeline\\Pipeline.php(167): Illuminate\\Session\\Middleware\\StartSession->handle(Object(Illuminate\\Http\\Request), Object(Closure))
#18 C:\\laragon\\www\\ECM_php_branch_vijaya\\vendor\\laravel\\framework\\src\\Illuminate\\Cookie\\Middleware\\AddQueuedCookiesToResponse.php(37): Illuminate\\Pipeline\\Pipeline->Illuminate\\Pipeline\\{closure}(Object(Illuminate\\Http\\Request))
#19 C:\\laragon\\www\\ECM_php_branch_vijaya\\vendor\\laravel\\framework\\src\\Illuminate\\Pipeline\\Pipeline.php(167): Illuminate\\Cookie\\Middleware\\AddQueuedCookiesToResponse->handle(Object(Illuminate\\Http\\Request), Object(Closure))
#20 C:\\laragon\\www\\ECM_php_branch_vijaya\\vendor\\laravel\\framework\\src\\Illuminate\\Cookie\\Middleware\\EncryptCookies.php(67): Illuminate\\Pipeline\\Pipeline->Illuminate\\Pipeline\\{closure}(Object(Illuminate\\Http\\Request))
#21 C:\\laragon\\www\\ECM_php_branch_vijaya\\vendor\\laravel\\framework\\src\\Illuminate\\Pipeline\\Pipeline.php(167): Illuminate\\Cookie\\Middleware\\EncryptCookies->handle(Object(Illuminate\\Http\\Request), Object(Closure))
#22 C:\\laragon\\www\\ECM_php_branch_vijaya\\vendor\\laravel\\framework\\src\\Illuminate\\Pipeline\\Pipeline.php(103): Illuminate\\Pipeline\\Pipeline->Illuminate\\Pipeline\\{closure}(Object(Illuminate\\Http\\Request))
#23 C:\\laragon\\www\\ECM_php_branch_vijaya\\vendor\\laravel\\framework\\src\\Illuminate\\Routing\\Router.php(723): Illuminate\\Pipeline\\Pipeline->then(Object(Closure))
#24 C:\\laragon\\www\\ECM_php_branch_vijaya\\vendor\\laravel\\framework\\src\\Illuminate\\Routing\\Router.php(698): Illuminate\\Routing\\Router->runRouteWithinStack(Object(Illuminate\\Routing\\Route), Object(Illuminate\\Http\\Request))
#25 C:\\laragon\\www\\ECM_php_branch_vijaya\\vendor\\laravel\\framework\\src\\Illuminate\\Routing\\Router.php(662): Illuminate\\Routing\\Router->runRoute(Object(Illuminate\\Http\\Request), Object(Illuminate\\Routing\\Route))
#26 C:\\laragon\\www\\ECM_php_branch_vijaya\\vendor\\laravel\\framework\\src\\Illuminate\\Routing\\Router.php(651): Illuminate\\Routing\\Router->dispatchToRoute(Object(Illuminate\\Http\\Request))
#27 C:\\laragon\\www\\ECM_php_branch_vijaya\\vendor\\laravel\\framework\\src\\Illuminate\\Foundation\\Http\\Kernel.php(167): Illuminate\\Routing\\Router->dispatch(Object(Illuminate\\Http\\Request))
#28 C:\\laragon\\www\\ECM_php_branch_vijaya\\vendor\\laravel\\framework\\src\\Illuminate\\Pipeline\\Pipeline.php(128): Illuminate\\Foundation\\Http\\Kernel->Illuminate\\Foundation\\Http\\{closure}(Object(Illuminate\\Http\\Request))
#29 C:\\laragon\\www\\ECM_php_branch_vijaya\\vendor\\laravel\\framework\\src\\Illuminate\\Foundation\\Http\\Middleware\\TransformsRequest.php(21): Illuminate\\Pipeline\\Pipeline->Illuminate\\Pipeline\\{closure}(Object(Illuminate\\Http\\Request))
#30 C:\\laragon\\www\\ECM_php_branch_vijaya\\vendor\\laravel\\framework\\src\\Illuminate\\Foundation\\Http\\Middleware\\ConvertEmptyStringsToNull.php(31): Illuminate\\Foundation\\Http\\Middleware\\TransformsRequest->handle(Object(Illuminate\\Http\\Request), Object(Closure))
#31 C:\\laragon\\www\\ECM_php_branch_vijaya\\vendor\\laravel\\framework\\src\\Illuminate\\Pipeline\\Pipeline.php(167): Illuminate\\Foundation\\Http\\Middleware\\ConvertEmptyStringsToNull->handle(Object(Illuminate\\Http\\Request), Object(Closure))
#32 C:\\laragon\\www\\ECM_php_branch_vijaya\\vendor\\laravel\\framework\\src\\Illuminate\\Foundation\\Http\\Middleware\\TransformsRequest.php(21): Illuminate\\Pipeline\\Pipeline->Illuminate\\Pipeline\\{closure}(Object(Illuminate\\Http\\Request))
#33 C:\\laragon\\www\\ECM_php_branch_vijaya\\vendor\\laravel\\framework\\src\\Illuminate\\Foundation\\Http\\Middleware\\TrimStrings.php(40): Illuminate\\Foundation\\Http\\Middleware\\TransformsRequest->handle(Object(Illuminate\\Http\\Request), Object(Closure))
#34 C:\\laragon\\www\\ECM_php_branch_vijaya\\vendor\\laravel\\framework\\src\\Illuminate\\Pipeline\\Pipeline.php(167): Illuminate\\Foundation\\Http\\Middleware\\TrimStrings->handle(Object(Illuminate\\Http\\Request), Object(Closure))
#35 C:\\laragon\\www\\ECM_php_branch_vijaya\\vendor\\laravel\\framework\\src\\Illuminate\\Foundation\\Http\\Middleware\\ValidatePostSize.php(27): Illuminate\\Pipeline\\Pipeline->Illuminate\\Pipeline\\{closure}(Object(Illuminate\\Http\\Request))
#36 C:\\laragon\\www\\ECM_php_branch_vijaya\\vendor\\laravel\\framework\\src\\Illuminate\\Pipeline\\Pipeline.php(167): Illuminate\\Foundation\\Http\\Middleware\\ValidatePostSize->handle(Object(Illuminate\\Http\\Request), Object(Closure))
#37 C:\\laragon\\www\\ECM_php_branch_vijaya\\vendor\\laravel\\framework\\src\\Illuminate\\Foundation\\Http\\Middleware\\PreventRequestsDuringMaintenance.php(86): Illuminate\\Pipeline\\Pipeline->Illuminate\\Pipeline\\{closure}(Object(Illuminate\\Http\\Request))
#38 C:\\laragon\\www\\ECM_php_branch_vijaya\\vendor\\laravel\\framework\\src\\Illuminate\\Pipeline\\Pipeline.php(167): Illuminate\\Foundation\\Http\\Middleware\\PreventRequestsDuringMaintenance->handle(Object(Illuminate\\Http\\Request), Object(Closure))
#39 C:\\laragon\\www\\ECM_php_branch_vijaya\\vendor\\fruitcake\\laravel-cors\\src\\HandleCors.php(38): Illuminate\\Pipeline\\Pipeline->Illuminate\\Pipeline\\{closure}(Object(Illuminate\\Http\\Request))
#40 C:\\laragon\\www\\ECM_php_branch_vijaya\\vendor\\laravel\\framework\\src\\Illuminate\\Pipeline\\Pipeline.php(167): Fruitcake\\Cors\\HandleCors->handle(Object(Illuminate\\Http\\Request), Object(Closure))
#41 C:\\laragon\\www\\ECM_php_branch_vijaya\\vendor\\laravel\\framework\\src\\Illuminate\\Http\\Middleware\\TrustProxies.php(39): Illuminate\\Pipeline\\Pipeline->Illuminate\\Pipeline\\{closure}(Object(Illuminate\\Http\\Request))
#42 C:\\laragon\\www\\ECM_php_branch_vijaya\\vendor\\laravel\\framework\\src\\Illuminate\\Pipeline\\Pipeline.php(167): Illuminate\\Http\\Middleware\\TrustProxies->handle(Object(Illuminate\\Http\\Request), Object(Closure))
#43 C:\\laragon\\www\\ECM_php_branch_vijaya\\vendor\\laravel\\framework\\src\\Illuminate\\Pipeline\\Pipeline.php(103): Illuminate\\Pipeline\\Pipeline->Illuminate\\Pipeline\\{closure}(Object(Illuminate\\Http\\Request))
#44 C:\\laragon\\www\\ECM_php_branch_vijaya\\vendor\\laravel\\framework\\src\\Illuminate\\Foundation\\Http\\Kernel.php(142): Illuminate\\Pipeline\\Pipeline->then(Object(Closure))
#45 C:\\laragon\\www\\ECM_php_branch_vijaya\\vendor\\laravel\\framework\\src\\Illuminate\\Foundation\\Http\\Kernel.php(111): Illuminate\\Foundation\\Http\\Kernel->sendRequestThroughRouter(Object(Illuminate\\Http\\Request))
#46 C:\\laragon\\www\\ECM_php_branch_vijaya\\public\\index.php(52): Illuminate\\Foundation\\Http\\Kernel->handle(Object(Illuminate\\Http\\Request))
#47 C:\\laragon\\www\\ECM_php_branch_vijaya\\server.php(21): require_once('C:\\\\laragon\\\\www\\\\...')
#48 {main}
"} 
[2024-10-19 11:33:51] local.INFO: reporting page  accessed by user {"ip_address":"127.0.0.1","user_id":"admin@ecm.com"} 
[2024-10-19 11:46:50] local.ERROR: Undefined variable $request {"userId":"6440d5a27f86dd3c207e5096","exception":"[object] (ErrorException(code: 0): Undefined variable $request at C:\\laragon\\www\\ECM_php_branch_vijaya\\app\\Http\\Controllers\\DashboardController.php:76)
[stacktrace]
#0 C:\\laragon\\www\\ECM_php_branch_vijaya\\app\\Http\\Controllers\\DashboardController.php(76): Illuminate\\Foundation\\Bootstrap\\HandleExceptions->handleError(2, 'Undefined varia...', 'C:\\\\laragon\\\\www\\\\...', 76)
#1 C:\\laragon\\www\\ECM_php_branch_vijaya\\vendor\\laravel\\framework\\src\\Illuminate\\Routing\\Controller.php(54): App\\Http\\Controllers\\DashboardController->index('')
#2 C:\\laragon\\www\\ECM_php_branch_vijaya\\vendor\\laravel\\framework\\src\\Illuminate\\Routing\\ControllerDispatcher.php(45): Illuminate\\Routing\\Controller->callAction('index', Array)
#3 C:\\laragon\\www\\ECM_php_branch_vijaya\\vendor\\laravel\\framework\\src\\Illuminate\\Routing\\Route.php(262): Illuminate\\Routing\\ControllerDispatcher->dispatch(Object(Illuminate\\Routing\\Route), Object(App\\Http\\Controllers\\DashboardController), 'index')
#4 C:\\laragon\\www\\ECM_php_branch_vijaya\\vendor\\laravel\\framework\\src\\Illuminate\\Routing\\Route.php(205): Illuminate\\Routing\\Route->runController()
#5 C:\\laragon\\www\\ECM_php_branch_vijaya\\vendor\\laravel\\framework\\src\\Illuminate\\Routing\\Router.php(721): Illuminate\\Routing\\Route->run()
#6 C:\\laragon\\www\\ECM_php_branch_vijaya\\vendor\\laravel\\framework\\src\\Illuminate\\Pipeline\\Pipeline.php(128): Illuminate\\Routing\\Router->Illuminate\\Routing\\{closure}(Object(Illuminate\\Http\\Request))
#7 C:\\laragon\\www\\ECM_php_branch_vijaya\\vendor\\laravel\\framework\\src\\Illuminate\\Routing\\Middleware\\SubstituteBindings.php(50): Illuminate\\Pipeline\\Pipeline->Illuminate\\Pipeline\\{closure}(Object(Illuminate\\Http\\Request))
#8 C:\\laragon\\www\\ECM_php_branch_vijaya\\vendor\\laravel\\framework\\src\\Illuminate\\Pipeline\\Pipeline.php(167): Illuminate\\Routing\\Middleware\\SubstituteBindings->handle(Object(Illuminate\\Http\\Request), Object(Closure))
#9 C:\\laragon\\www\\ECM_php_branch_vijaya\\vendor\\laravel\\framework\\src\\Illuminate\\Auth\\Middleware\\Authenticate.php(44): Illuminate\\Pipeline\\Pipeline->Illuminate\\Pipeline\\{closure}(Object(Illuminate\\Http\\Request))
#10 C:\\laragon\\www\\ECM_php_branch_vijaya\\vendor\\laravel\\framework\\src\\Illuminate\\Pipeline\\Pipeline.php(167): Illuminate\\Auth\\Middleware\\Authenticate->handle(Object(Illuminate\\Http\\Request), Object(Closure), 'admin')
#11 C:\\laragon\\www\\ECM_php_branch_vijaya\\vendor\\laravel\\framework\\src\\Illuminate\\Foundation\\Http\\Middleware\\VerifyCsrfToken.php(78): Illuminate\\Pipeline\\Pipeline->Illuminate\\Pipeline\\{closure}(Object(Illuminate\\Http\\Request))
#12 C:\\laragon\\www\\ECM_php_branch_vijaya\\vendor\\laravel\\framework\\src\\Illuminate\\Pipeline\\Pipeline.php(167): Illuminate\\Foundation\\Http\\Middleware\\VerifyCsrfToken->handle(Object(Illuminate\\Http\\Request), Object(Closure))
#13 C:\\laragon\\www\\ECM_php_branch_vijaya\\vendor\\laravel\\framework\\src\\Illuminate\\View\\Middleware\\ShareErrorsFromSession.php(49): Illuminate\\Pipeline\\Pipeline->Illuminate\\Pipeline\\{closure}(Object(Illuminate\\Http\\Request))
#14 C:\\laragon\\www\\ECM_php_branch_vijaya\\vendor\\laravel\\framework\\src\\Illuminate\\Pipeline\\Pipeline.php(167): Illuminate\\View\\Middleware\\ShareErrorsFromSession->handle(Object(Illuminate\\Http\\Request), Object(Closure))
#15 C:\\laragon\\www\\ECM_php_branch_vijaya\\vendor\\laravel\\framework\\src\\Illuminate\\Session\\Middleware\\StartSession.php(121): Illuminate\\Pipeline\\Pipeline->Illuminate\\Pipeline\\{closure}(Object(Illuminate\\Http\\Request))
#16 C:\\laragon\\www\\ECM_php_branch_vijaya\\vendor\\laravel\\framework\\src\\Illuminate\\Session\\Middleware\\StartSession.php(64): Illuminate\\Session\\Middleware\\StartSession->handleStatefulRequest(Object(Illuminate\\Http\\Request), Object(Illuminate\\Session\\Store), Object(Closure))
#17 C:\\laragon\\www\\ECM_php_branch_vijaya\\vendor\\laravel\\framework\\src\\Illuminate\\Pipeline\\Pipeline.php(167): Illuminate\\Session\\Middleware\\StartSession->handle(Object(Illuminate\\Http\\Request), Object(Closure))
#18 C:\\laragon\\www\\ECM_php_branch_vijaya\\vendor\\laravel\\framework\\src\\Illuminate\\Cookie\\Middleware\\AddQueuedCookiesToResponse.php(37): Illuminate\\Pipeline\\Pipeline->Illuminate\\Pipeline\\{closure}(Object(Illuminate\\Http\\Request))
#19 C:\\laragon\\www\\ECM_php_branch_vijaya\\vendor\\laravel\\framework\\src\\Illuminate\\Pipeline\\Pipeline.php(167): Illuminate\\Cookie\\Middleware\\AddQueuedCookiesToResponse->handle(Object(Illuminate\\Http\\Request), Object(Closure))
#20 C:\\laragon\\www\\ECM_php_branch_vijaya\\vendor\\laravel\\framework\\src\\Illuminate\\Cookie\\Middleware\\EncryptCookies.php(67): Illuminate\\Pipeline\\Pipeline->Illuminate\\Pipeline\\{closure}(Object(Illuminate\\Http\\Request))
#21 C:\\laragon\\www\\ECM_php_branch_vijaya\\vendor\\laravel\\framework\\src\\Illuminate\\Pipeline\\Pipeline.php(167): Illuminate\\Cookie\\Middleware\\EncryptCookies->handle(Object(Illuminate\\Http\\Request), Object(Closure))
#22 C:\\laragon\\www\\ECM_php_branch_vijaya\\vendor\\laravel\\framework\\src\\Illuminate\\Pipeline\\Pipeline.php(103): Illuminate\\Pipeline\\Pipeline->Illuminate\\Pipeline\\{closure}(Object(Illuminate\\Http\\Request))
#23 C:\\laragon\\www\\ECM_php_branch_vijaya\\vendor\\laravel\\framework\\src\\Illuminate\\Routing\\Router.php(723): Illuminate\\Pipeline\\Pipeline->then(Object(Closure))
#24 C:\\laragon\\www\\ECM_php_branch_vijaya\\vendor\\laravel\\framework\\src\\Illuminate\\Routing\\Router.php(698): Illuminate\\Routing\\Router->runRouteWithinStack(Object(Illuminate\\Routing\\Route), Object(Illuminate\\Http\\Request))
#25 C:\\laragon\\www\\ECM_php_branch_vijaya\\vendor\\laravel\\framework\\src\\Illuminate\\Routing\\Router.php(662): Illuminate\\Routing\\Router->runRoute(Object(Illuminate\\Http\\Request), Object(Illuminate\\Routing\\Route))
#26 C:\\laragon\\www\\ECM_php_branch_vijaya\\vendor\\laravel\\framework\\src\\Illuminate\\Routing\\Router.php(651): Illuminate\\Routing\\Router->dispatchToRoute(Object(Illuminate\\Http\\Request))
#27 C:\\laragon\\www\\ECM_php_branch_vijaya\\vendor\\laravel\\framework\\src\\Illuminate\\Foundation\\Http\\Kernel.php(167): Illuminate\\Routing\\Router->dispatch(Object(Illuminate\\Http\\Request))
#28 C:\\laragon\\www\\ECM_php_branch_vijaya\\vendor\\laravel\\framework\\src\\Illuminate\\Pipeline\\Pipeline.php(128): Illuminate\\Foundation\\Http\\Kernel->Illuminate\\Foundation\\Http\\{closure}(Object(Illuminate\\Http\\Request))
#29 C:\\laragon\\www\\ECM_php_branch_vijaya\\vendor\\laravel\\framework\\src\\Illuminate\\Foundation\\Http\\Middleware\\TransformsRequest.php(21): Illuminate\\Pipeline\\Pipeline->Illuminate\\Pipeline\\{closure}(Object(Illuminate\\Http\\Request))
#30 C:\\laragon\\www\\ECM_php_branch_vijaya\\vendor\\laravel\\framework\\src\\Illuminate\\Foundation\\Http\\Middleware\\ConvertEmptyStringsToNull.php(31): Illuminate\\Foundation\\Http\\Middleware\\TransformsRequest->handle(Object(Illuminate\\Http\\Request), Object(Closure))
#31 C:\\laragon\\www\\ECM_php_branch_vijaya\\vendor\\laravel\\framework\\src\\Illuminate\\Pipeline\\Pipeline.php(167): Illuminate\\Foundation\\Http\\Middleware\\ConvertEmptyStringsToNull->handle(Object(Illuminate\\Http\\Request), Object(Closure))
#32 C:\\laragon\\www\\ECM_php_branch_vijaya\\vendor\\laravel\\framework\\src\\Illuminate\\Foundation\\Http\\Middleware\\TransformsRequest.php(21): Illuminate\\Pipeline\\Pipeline->Illuminate\\Pipeline\\{closure}(Object(Illuminate\\Http\\Request))
#33 C:\\laragon\\www\\ECM_php_branch_vijaya\\vendor\\laravel\\framework\\src\\Illuminate\\Foundation\\Http\\Middleware\\TrimStrings.php(40): Illuminate\\Foundation\\Http\\Middleware\\TransformsRequest->handle(Object(Illuminate\\Http\\Request), Object(Closure))
#34 C:\\laragon\\www\\ECM_php_branch_vijaya\\vendor\\laravel\\framework\\src\\Illuminate\\Pipeline\\Pipeline.php(167): Illuminate\\Foundation\\Http\\Middleware\\TrimStrings->handle(Object(Illuminate\\Http\\Request), Object(Closure))
#35 C:\\laragon\\www\\ECM_php_branch_vijaya\\vendor\\laravel\\framework\\src\\Illuminate\\Foundation\\Http\\Middleware\\ValidatePostSize.php(27): Illuminate\\Pipeline\\Pipeline->Illuminate\\Pipeline\\{closure}(Object(Illuminate\\Http\\Request))
#36 C:\\laragon\\www\\ECM_php_branch_vijaya\\vendor\\laravel\\framework\\src\\Illuminate\\Pipeline\\Pipeline.php(167): Illuminate\\Foundation\\Http\\Middleware\\ValidatePostSize->handle(Object(Illuminate\\Http\\Request), Object(Closure))
#37 C:\\laragon\\www\\ECM_php_branch_vijaya\\vendor\\laravel\\framework\\src\\Illuminate\\Foundation\\Http\\Middleware\\PreventRequestsDuringMaintenance.php(86): Illuminate\\Pipeline\\Pipeline->Illuminate\\Pipeline\\{closure}(Object(Illuminate\\Http\\Request))
#38 C:\\laragon\\www\\ECM_php_branch_vijaya\\vendor\\laravel\\framework\\src\\Illuminate\\Pipeline\\Pipeline.php(167): Illuminate\\Foundation\\Http\\Middleware\\PreventRequestsDuringMaintenance->handle(Object(Illuminate\\Http\\Request), Object(Closure))
#39 C:\\laragon\\www\\ECM_php_branch_vijaya\\vendor\\fruitcake\\laravel-cors\\src\\HandleCors.php(38): Illuminate\\Pipeline\\Pipeline->Illuminate\\Pipeline\\{closure}(Object(Illuminate\\Http\\Request))
#40 C:\\laragon\\www\\ECM_php_branch_vijaya\\vendor\\laravel\\framework\\src\\Illuminate\\Pipeline\\Pipeline.php(167): Fruitcake\\Cors\\HandleCors->handle(Object(Illuminate\\Http\\Request), Object(Closure))
#41 C:\\laragon\\www\\ECM_php_branch_vijaya\\vendor\\laravel\\framework\\src\\Illuminate\\Http\\Middleware\\TrustProxies.php(39): Illuminate\\Pipeline\\Pipeline->Illuminate\\Pipeline\\{closure}(Object(Illuminate\\Http\\Request))
#42 C:\\laragon\\www\\ECM_php_branch_vijaya\\vendor\\laravel\\framework\\src\\Illuminate\\Pipeline\\Pipeline.php(167): Illuminate\\Http\\Middleware\\TrustProxies->handle(Object(Illuminate\\Http\\Request), Object(Closure))
#43 C:\\laragon\\www\\ECM_php_branch_vijaya\\vendor\\laravel\\framework\\src\\Illuminate\\Pipeline\\Pipeline.php(103): Illuminate\\Pipeline\\Pipeline->Illuminate\\Pipeline\\{closure}(Object(Illuminate\\Http\\Request))
#44 C:\\laragon\\www\\ECM_php_branch_vijaya\\vendor\\laravel\\framework\\src\\Illuminate\\Foundation\\Http\\Kernel.php(142): Illuminate\\Pipeline\\Pipeline->then(Object(Closure))
#45 C:\\laragon\\www\\ECM_php_branch_vijaya\\vendor\\laravel\\framework\\src\\Illuminate\\Foundation\\Http\\Kernel.php(111): Illuminate\\Foundation\\Http\\Kernel->sendRequestThroughRouter(Object(Illuminate\\Http\\Request))
#46 C:\\laragon\\www\\ECM_php_branch_vijaya\\public\\index.php(52): Illuminate\\Foundation\\Http\\Kernel->handle(Object(Illuminate\\Http\\Request))
#47 C:\\laragon\\www\\ECM_php_branch_vijaya\\server.php(21): require_once('C:\\\\laragon\\\\www\\\\...')
#48 {main}
"} 
[2024-10-19 11:48:57] local.INFO:  Dashboard page retrived by user  {"ip_address":"127.0.0.1","user_id":"admin@ecm.com"} 
[2024-10-19 11:50:28] local.INFO: company list page  accessed by user {"ip_address":"127.0.0.1","user_id":"admin@ecm.com"} 
[2024-10-19 11:50:29] local.ERROR: the error occured  while retriving log file {"error":"Undefined variable $request"} 
[2024-10-19 11:50:34] local.ERROR: the error occured  while retriving log file {"error":"Undefined variable $request"} 
[2024-10-19 11:50:37] local.ERROR: the error occured  while retriving log file {"error":"Undefined variable $request"} 
[2024-10-19 11:50:44] local.ERROR: the error occured  while retriving log file {"error":"Undefined variable $request"} 
[2024-10-19 11:50:57] local.ERROR: the error occured  while retriving log file {"error":"Undefined variable $request"} 
[2024-10-19 11:52:22] local.INFO:  Dashboard page retrived by user  {"ip_address":"127.0.0.1","user_id":"admin@ecm.com"} 
[2024-10-19 11:53:46] local.INFO:  Dashboard page retrived by user  {"ip_address":"127.0.0.1","user_id":"admin@ecm.com"} 
[2024-10-19 11:53:46] local.ERROR: the error occured  while retriving log file {"error":"Undefined variable $request"} 
[2024-10-19 11:55:15] local.INFO:  Dashboard page retrived by user  {"ip_address":"127.0.0.1","user_id":"admin@ecm.com"} 
[2024-10-19 11:56:46] local.INFO: company list page  accessed by user {"ip_address":"127.0.0.1","user_id":"admin@ecm.com"} 
[2024-10-19 12:01:03] local.ERROR: Undefined variable $request {"exception":"[object] (ErrorException(code: 0): Undefined variable $request at C:\\laragon\\www\\ECM_php_branch_vijaya\\app\\Http\\Controllers\\CheckAuthController.php:54)
[stacktrace]
#0 C:\\laragon\\www\\ECM_php_branch_vijaya\\app\\Http\\Controllers\\CheckAuthController.php(54): Illuminate\\Foundation\\Bootstrap\\HandleExceptions->handleError(2, 'Undefined varia...', 'C:\\\\laragon\\\\www\\\\...', 54)
#1 C:\\laragon\\www\\ECM_php_branch_vijaya\\vendor\\laravel\\framework\\src\\Illuminate\\Routing\\Controller.php(54): App\\Http\\Controllers\\CheckAuthController->logout()
#2 C:\\laragon\\www\\ECM_php_branch_vijaya\\vendor\\laravel\\framework\\src\\Illuminate\\Routing\\ControllerDispatcher.php(45): Illuminate\\Routing\\Controller->callAction('logout', Array)
#3 C:\\laragon\\www\\ECM_php_branch_vijaya\\vendor\\laravel\\framework\\src\\Illuminate\\Routing\\Route.php(262): Illuminate\\Routing\\ControllerDispatcher->dispatch(Object(Illuminate\\Routing\\Route), Object(App\\Http\\Controllers\\CheckAuthController), 'logout')
#4 C:\\laragon\\www\\ECM_php_branch_vijaya\\vendor\\laravel\\framework\\src\\Illuminate\\Routing\\Route.php(205): Illuminate\\Routing\\Route->runController()
#5 C:\\laragon\\www\\ECM_php_branch_vijaya\\vendor\\laravel\\framework\\src\\Illuminate\\Routing\\Router.php(721): Illuminate\\Routing\\Route->run()
#6 C:\\laragon\\www\\ECM_php_branch_vijaya\\vendor\\laravel\\framework\\src\\Illuminate\\Pipeline\\Pipeline.php(128): Illuminate\\Routing\\Router->Illuminate\\Routing\\{closure}(Object(Illuminate\\Http\\Request))
#7 C:\\laragon\\www\\ECM_php_branch_vijaya\\vendor\\laravel\\framework\\src\\Illuminate\\Routing\\Middleware\\SubstituteBindings.php(50): Illuminate\\Pipeline\\Pipeline->Illuminate\\Pipeline\\{closure}(Object(Illuminate\\Http\\Request))
#8 C:\\laragon\\www\\ECM_php_branch_vijaya\\vendor\\laravel\\framework\\src\\Illuminate\\Pipeline\\Pipeline.php(167): Illuminate\\Routing\\Middleware\\SubstituteBindings->handle(Object(Illuminate\\Http\\Request), Object(Closure))
#9 C:\\laragon\\www\\ECM_php_branch_vijaya\\vendor\\laravel\\framework\\src\\Illuminate\\Foundation\\Http\\Middleware\\VerifyCsrfToken.php(78): Illuminate\\Pipeline\\Pipeline->Illuminate\\Pipeline\\{closure}(Object(Illuminate\\Http\\Request))
#10 C:\\laragon\\www\\ECM_php_branch_vijaya\\vendor\\laravel\\framework\\src\\Illuminate\\Pipeline\\Pipeline.php(167): Illuminate\\Foundation\\Http\\Middleware\\VerifyCsrfToken->handle(Object(Illuminate\\Http\\Request), Object(Closure))
#11 C:\\laragon\\www\\ECM_php_branch_vijaya\\vendor\\laravel\\framework\\src\\Illuminate\\View\\Middleware\\ShareErrorsFromSession.php(49): Illuminate\\Pipeline\\Pipeline->Illuminate\\Pipeline\\{closure}(Object(Illuminate\\Http\\Request))
#12 C:\\laragon\\www\\ECM_php_branch_vijaya\\vendor\\laravel\\framework\\src\\Illuminate\\Pipeline\\Pipeline.php(167): Illuminate\\View\\Middleware\\ShareErrorsFromSession->handle(Object(Illuminate\\Http\\Request), Object(Closure))
#13 C:\\laragon\\www\\ECM_php_branch_vijaya\\vendor\\laravel\\framework\\src\\Illuminate\\Session\\Middleware\\StartSession.php(121): Illuminate\\Pipeline\\Pipeline->Illuminate\\Pipeline\\{closure}(Object(Illuminate\\Http\\Request))
#14 C:\\laragon\\www\\ECM_php_branch_vijaya\\vendor\\laravel\\framework\\src\\Illuminate\\Session\\Middleware\\StartSession.php(64): Illuminate\\Session\\Middleware\\StartSession->handleStatefulRequest(Object(Illuminate\\Http\\Request), Object(Illuminate\\Session\\Store), Object(Closure))
#15 C:\\laragon\\www\\ECM_php_branch_vijaya\\vendor\\laravel\\framework\\src\\Illuminate\\Pipeline\\Pipeline.php(167): Illuminate\\Session\\Middleware\\StartSession->handle(Object(Illuminate\\Http\\Request), Object(Closure))
#16 C:\\laragon\\www\\ECM_php_branch_vijaya\\vendor\\laravel\\framework\\src\\Illuminate\\Cookie\\Middleware\\AddQueuedCookiesToResponse.php(37): Illuminate\\Pipeline\\Pipeline->Illuminate\\Pipeline\\{closure}(Object(Illuminate\\Http\\Request))
#17 C:\\laragon\\www\\ECM_php_branch_vijaya\\vendor\\laravel\\framework\\src\\Illuminate\\Pipeline\\Pipeline.php(167): Illuminate\\Cookie\\Middleware\\AddQueuedCookiesToResponse->handle(Object(Illuminate\\Http\\Request), Object(Closure))
#18 C:\\laragon\\www\\ECM_php_branch_vijaya\\vendor\\laravel\\framework\\src\\Illuminate\\Cookie\\Middleware\\EncryptCookies.php(67): Illuminate\\Pipeline\\Pipeline->Illuminate\\Pipeline\\{closure}(Object(Illuminate\\Http\\Request))
#19 C:\\laragon\\www\\ECM_php_branch_vijaya\\vendor\\laravel\\framework\\src\\Illuminate\\Pipeline\\Pipeline.php(167): Illuminate\\Cookie\\Middleware\\EncryptCookies->handle(Object(Illuminate\\Http\\Request), Object(Closure))
#20 C:\\laragon\\www\\ECM_php_branch_vijaya\\vendor\\laravel\\framework\\src\\Illuminate\\Pipeline\\Pipeline.php(103): Illuminate\\Pipeline\\Pipeline->Illuminate\\Pipeline\\{closure}(Object(Illuminate\\Http\\Request))
#21 C:\\laragon\\www\\ECM_php_branch_vijaya\\vendor\\laravel\\framework\\src\\Illuminate\\Routing\\Router.php(723): Illuminate\\Pipeline\\Pipeline->then(Object(Closure))
#22 C:\\laragon\\www\\ECM_php_branch_vijaya\\vendor\\laravel\\framework\\src\\Illuminate\\Routing\\Router.php(698): Illuminate\\Routing\\Router->runRouteWithinStack(Object(Illuminate\\Routing\\Route), Object(Illuminate\\Http\\Request))
#23 C:\\laragon\\www\\ECM_php_branch_vijaya\\vendor\\laravel\\framework\\src\\Illuminate\\Routing\\Router.php(662): Illuminate\\Routing\\Router->runRoute(Object(Illuminate\\Http\\Request), Object(Illuminate\\Routing\\Route))
#24 C:\\laragon\\www\\ECM_php_branch_vijaya\\vendor\\laravel\\framework\\src\\Illuminate\\Routing\\Router.php(651): Illuminate\\Routing\\Router->dispatchToRoute(Object(Illuminate\\Http\\Request))
#25 C:\\laragon\\www\\ECM_php_branch_vijaya\\vendor\\laravel\\framework\\src\\Illuminate\\Foundation\\Http\\Kernel.php(167): Illuminate\\Routing\\Router->dispatch(Object(Illuminate\\Http\\Request))
#26 C:\\laragon\\www\\ECM_php_branch_vijaya\\vendor\\laravel\\framework\\src\\Illuminate\\Pipeline\\Pipeline.php(128): Illuminate\\Foundation\\Http\\Kernel->Illuminate\\Foundation\\Http\\{closure}(Object(Illuminate\\Http\\Request))
#27 C:\\laragon\\www\\ECM_php_branch_vijaya\\vendor\\laravel\\framework\\src\\Illuminate\\Foundation\\Http\\Middleware\\TransformsRequest.php(21): Illuminate\\Pipeline\\Pipeline->Illuminate\\Pipeline\\{closure}(Object(Illuminate\\Http\\Request))
#28 C:\\laragon\\www\\ECM_php_branch_vijaya\\vendor\\laravel\\framework\\src\\Illuminate\\Foundation\\Http\\Middleware\\ConvertEmptyStringsToNull.php(31): Illuminate\\Foundation\\Http\\Middleware\\TransformsRequest->handle(Object(Illuminate\\Http\\Request), Object(Closure))
#29 C:\\laragon\\www\\ECM_php_branch_vijaya\\vendor\\laravel\\framework\\src\\Illuminate\\Pipeline\\Pipeline.php(167): Illuminate\\Foundation\\Http\\Middleware\\ConvertEmptyStringsToNull->handle(Object(Illuminate\\Http\\Request), Object(Closure))
#30 C:\\laragon\\www\\ECM_php_branch_vijaya\\vendor\\laravel\\framework\\src\\Illuminate\\Foundation\\Http\\Middleware\\TransformsRequest.php(21): Illuminate\\Pipeline\\Pipeline->Illuminate\\Pipeline\\{closure}(Object(Illuminate\\Http\\Request))
#31 C:\\laragon\\www\\ECM_php_branch_vijaya\\vendor\\laravel\\framework\\src\\Illuminate\\Foundation\\Http\\Middleware\\TrimStrings.php(40): Illuminate\\Foundation\\Http\\Middleware\\TransformsRequest->handle(Object(Illuminate\\Http\\Request), Object(Closure))
#32 C:\\laragon\\www\\ECM_php_branch_vijaya\\vendor\\laravel\\framework\\src\\Illuminate\\Pipeline\\Pipeline.php(167): Illuminate\\Foundation\\Http\\Middleware\\TrimStrings->handle(Object(Illuminate\\Http\\Request), Object(Closure))
#33 C:\\laragon\\www\\ECM_php_branch_vijaya\\vendor\\laravel\\framework\\src\\Illuminate\\Foundation\\Http\\Middleware\\ValidatePostSize.php(27): Illuminate\\Pipeline\\Pipeline->Illuminate\\Pipeline\\{closure}(Object(Illuminate\\Http\\Request))
#34 C:\\laragon\\www\\ECM_php_branch_vijaya\\vendor\\laravel\\framework\\src\\Illuminate\\Pipeline\\Pipeline.php(167): Illuminate\\Foundation\\Http\\Middleware\\ValidatePostSize->handle(Object(Illuminate\\Http\\Request), Object(Closure))
#35 C:\\laragon\\www\\ECM_php_branch_vijaya\\vendor\\laravel\\framework\\src\\Illuminate\\Foundation\\Http\\Middleware\\PreventRequestsDuringMaintenance.php(86): Illuminate\\Pipeline\\Pipeline->Illuminate\\Pipeline\\{closure}(Object(Illuminate\\Http\\Request))
#36 C:\\laragon\\www\\ECM_php_branch_vijaya\\vendor\\laravel\\framework\\src\\Illuminate\\Pipeline\\Pipeline.php(167): Illuminate\\Foundation\\Http\\Middleware\\PreventRequestsDuringMaintenance->handle(Object(Illuminate\\Http\\Request), Object(Closure))
#37 C:\\laragon\\www\\ECM_php_branch_vijaya\\vendor\\fruitcake\\laravel-cors\\src\\HandleCors.php(38): Illuminate\\Pipeline\\Pipeline->Illuminate\\Pipeline\\{closure}(Object(Illuminate\\Http\\Request))
#38 C:\\laragon\\www\\ECM_php_branch_vijaya\\vendor\\laravel\\framework\\src\\Illuminate\\Pipeline\\Pipeline.php(167): Fruitcake\\Cors\\HandleCors->handle(Object(Illuminate\\Http\\Request), Object(Closure))
#39 C:\\laragon\\www\\ECM_php_branch_vijaya\\vendor\\laravel\\framework\\src\\Illuminate\\Http\\Middleware\\TrustProxies.php(39): Illuminate\\Pipeline\\Pipeline->Illuminate\\Pipeline\\{closure}(Object(Illuminate\\Http\\Request))
#40 C:\\laragon\\www\\ECM_php_branch_vijaya\\vendor\\laravel\\framework\\src\\Illuminate\\Pipeline\\Pipeline.php(167): Illuminate\\Http\\Middleware\\TrustProxies->handle(Object(Illuminate\\Http\\Request), Object(Closure))
#41 C:\\laragon\\www\\ECM_php_branch_vijaya\\vendor\\laravel\\framework\\src\\Illuminate\\Pipeline\\Pipeline.php(103): Illuminate\\Pipeline\\Pipeline->Illuminate\\Pipeline\\{closure}(Object(Illuminate\\Http\\Request))
#42 C:\\laragon\\www\\ECM_php_branch_vijaya\\vendor\\laravel\\framework\\src\\Illuminate\\Foundation\\Http\\Kernel.php(142): Illuminate\\Pipeline\\Pipeline->then(Object(Closure))
#43 C:\\laragon\\www\\ECM_php_branch_vijaya\\vendor\\laravel\\framework\\src\\Illuminate\\Foundation\\Http\\Kernel.php(111): Illuminate\\Foundation\\Http\\Kernel->sendRequestThroughRouter(Object(Illuminate\\Http\\Request))
#44 C:\\laragon\\www\\ECM_php_branch_vijaya\\public\\index.php(52): Illuminate\\Foundation\\Http\\Kernel->handle(Object(Illuminate\\Http\\Request))
#45 C:\\laragon\\www\\ECM_php_branch_vijaya\\server.php(21): require_once('C:\\\\laragon\\\\www\\\\...')
#46 {main}
"} 
[2024-10-19 12:02:03] local.ERROR: Attempt to read property "email" on null {"exception":"[object] (ErrorException(code: 0): Attempt to read property \"email\" on null at C:\\laragon\\www\\ECM_php_branch_vijaya\\app\\Http\\Controllers\\CheckAuthController.php:55)
[stacktrace]
#0 C:\\laragon\\www\\ECM_php_branch_vijaya\\app\\Http\\Controllers\\CheckAuthController.php(55): Illuminate\\Foundation\\Bootstrap\\HandleExceptions->handleError(2, 'Attempt to read...', 'C:\\\\laragon\\\\www\\\\...', 55)
#1 C:\\laragon\\www\\ECM_php_branch_vijaya\\vendor\\laravel\\framework\\src\\Illuminate\\Routing\\Controller.php(54): App\\Http\\Controllers\\CheckAuthController->logout(Object(Illuminate\\Http\\Request))
#2 C:\\laragon\\www\\ECM_php_branch_vijaya\\vendor\\laravel\\framework\\src\\Illuminate\\Routing\\ControllerDispatcher.php(45): Illuminate\\Routing\\Controller->callAction('logout', Array)
#3 C:\\laragon\\www\\ECM_php_branch_vijaya\\vendor\\laravel\\framework\\src\\Illuminate\\Routing\\Route.php(262): Illuminate\\Routing\\ControllerDispatcher->dispatch(Object(Illuminate\\Routing\\Route), Object(App\\Http\\Controllers\\CheckAuthController), 'logout')
#4 C:\\laragon\\www\\ECM_php_branch_vijaya\\vendor\\laravel\\framework\\src\\Illuminate\\Routing\\Route.php(205): Illuminate\\Routing\\Route->runController()
#5 C:\\laragon\\www\\ECM_php_branch_vijaya\\vendor\\laravel\\framework\\src\\Illuminate\\Routing\\Router.php(721): Illuminate\\Routing\\Route->run()
#6 C:\\laragon\\www\\ECM_php_branch_vijaya\\vendor\\laravel\\framework\\src\\Illuminate\\Pipeline\\Pipeline.php(128): Illuminate\\Routing\\Router->Illuminate\\Routing\\{closure}(Object(Illuminate\\Http\\Request))
#7 C:\\laragon\\www\\ECM_php_branch_vijaya\\vendor\\laravel\\framework\\src\\Illuminate\\Routing\\Middleware\\SubstituteBindings.php(50): Illuminate\\Pipeline\\Pipeline->Illuminate\\Pipeline\\{closure}(Object(Illuminate\\Http\\Request))
#8 C:\\laragon\\www\\ECM_php_branch_vijaya\\vendor\\laravel\\framework\\src\\Illuminate\\Pipeline\\Pipeline.php(167): Illuminate\\Routing\\Middleware\\SubstituteBindings->handle(Object(Illuminate\\Http\\Request), Object(Closure))
#9 C:\\laragon\\www\\ECM_php_branch_vijaya\\vendor\\laravel\\framework\\src\\Illuminate\\Foundation\\Http\\Middleware\\VerifyCsrfToken.php(78): Illuminate\\Pipeline\\Pipeline->Illuminate\\Pipeline\\{closure}(Object(Illuminate\\Http\\Request))
#10 C:\\laragon\\www\\ECM_php_branch_vijaya\\vendor\\laravel\\framework\\src\\Illuminate\\Pipeline\\Pipeline.php(167): Illuminate\\Foundation\\Http\\Middleware\\VerifyCsrfToken->handle(Object(Illuminate\\Http\\Request), Object(Closure))
#11 C:\\laragon\\www\\ECM_php_branch_vijaya\\vendor\\laravel\\framework\\src\\Illuminate\\View\\Middleware\\ShareErrorsFromSession.php(49): Illuminate\\Pipeline\\Pipeline->Illuminate\\Pipeline\\{closure}(Object(Illuminate\\Http\\Request))
#12 C:\\laragon\\www\\ECM_php_branch_vijaya\\vendor\\laravel\\framework\\src\\Illuminate\\Pipeline\\Pipeline.php(167): Illuminate\\View\\Middleware\\ShareErrorsFromSession->handle(Object(Illuminate\\Http\\Request), Object(Closure))
#13 C:\\laragon\\www\\ECM_php_branch_vijaya\\vendor\\laravel\\framework\\src\\Illuminate\\Session\\Middleware\\StartSession.php(121): Illuminate\\Pipeline\\Pipeline->Illuminate\\Pipeline\\{closure}(Object(Illuminate\\Http\\Request))
#14 C:\\laragon\\www\\ECM_php_branch_vijaya\\vendor\\laravel\\framework\\src\\Illuminate\\Session\\Middleware\\StartSession.php(64): Illuminate\\Session\\Middleware\\StartSession->handleStatefulRequest(Object(Illuminate\\Http\\Request), Object(Illuminate\\Session\\Store), Object(Closure))
#15 C:\\laragon\\www\\ECM_php_branch_vijaya\\vendor\\laravel\\framework\\src\\Illuminate\\Pipeline\\Pipeline.php(167): Illuminate\\Session\\Middleware\\StartSession->handle(Object(Illuminate\\Http\\Request), Object(Closure))
#16 C:\\laragon\\www\\ECM_php_branch_vijaya\\vendor\\laravel\\framework\\src\\Illuminate\\Cookie\\Middleware\\AddQueuedCookiesToResponse.php(37): Illuminate\\Pipeline\\Pipeline->Illuminate\\Pipeline\\{closure}(Object(Illuminate\\Http\\Request))
#17 C:\\laragon\\www\\ECM_php_branch_vijaya\\vendor\\laravel\\framework\\src\\Illuminate\\Pipeline\\Pipeline.php(167): Illuminate\\Cookie\\Middleware\\AddQueuedCookiesToResponse->handle(Object(Illuminate\\Http\\Request), Object(Closure))
#18 C:\\laragon\\www\\ECM_php_branch_vijaya\\vendor\\laravel\\framework\\src\\Illuminate\\Cookie\\Middleware\\EncryptCookies.php(67): Illuminate\\Pipeline\\Pipeline->Illuminate\\Pipeline\\{closure}(Object(Illuminate\\Http\\Request))
#19 C:\\laragon\\www\\ECM_php_branch_vijaya\\vendor\\laravel\\framework\\src\\Illuminate\\Pipeline\\Pipeline.php(167): Illuminate\\Cookie\\Middleware\\EncryptCookies->handle(Object(Illuminate\\Http\\Request), Object(Closure))
#20 C:\\laragon\\www\\ECM_php_branch_vijaya\\vendor\\laravel\\framework\\src\\Illuminate\\Pipeline\\Pipeline.php(103): Illuminate\\Pipeline\\Pipeline->Illuminate\\Pipeline\\{closure}(Object(Illuminate\\Http\\Request))
#21 C:\\laragon\\www\\ECM_php_branch_vijaya\\vendor\\laravel\\framework\\src\\Illuminate\\Routing\\Router.php(723): Illuminate\\Pipeline\\Pipeline->then(Object(Closure))
#22 C:\\laragon\\www\\ECM_php_branch_vijaya\\vendor\\laravel\\framework\\src\\Illuminate\\Routing\\Router.php(698): Illuminate\\Routing\\Router->runRouteWithinStack(Object(Illuminate\\Routing\\Route), Object(Illuminate\\Http\\Request))
#23 C:\\laragon\\www\\ECM_php_branch_vijaya\\vendor\\laravel\\framework\\src\\Illuminate\\Routing\\Router.php(662): Illuminate\\Routing\\Router->runRoute(Object(Illuminate\\Http\\Request), Object(Illuminate\\Routing\\Route))
#24 C:\\laragon\\www\\ECM_php_branch_vijaya\\vendor\\laravel\\framework\\src\\Illuminate\\Routing\\Router.php(651): Illuminate\\Routing\\Router->dispatchToRoute(Object(Illuminate\\Http\\Request))
#25 C:\\laragon\\www\\ECM_php_branch_vijaya\\vendor\\laravel\\framework\\src\\Illuminate\\Foundation\\Http\\Kernel.php(167): Illuminate\\Routing\\Router->dispatch(Object(Illuminate\\Http\\Request))
#26 C:\\laragon\\www\\ECM_php_branch_vijaya\\vendor\\laravel\\framework\\src\\Illuminate\\Pipeline\\Pipeline.php(128): Illuminate\\Foundation\\Http\\Kernel->Illuminate\\Foundation\\Http\\{closure}(Object(Illuminate\\Http\\Request))
#27 C:\\laragon\\www\\ECM_php_branch_vijaya\\vendor\\laravel\\framework\\src\\Illuminate\\Foundation\\Http\\Middleware\\TransformsRequest.php(21): Illuminate\\Pipeline\\Pipeline->Illuminate\\Pipeline\\{closure}(Object(Illuminate\\Http\\Request))
#28 C:\\laragon\\www\\ECM_php_branch_vijaya\\vendor\\laravel\\framework\\src\\Illuminate\\Foundation\\Http\\Middleware\\ConvertEmptyStringsToNull.php(31): Illuminate\\Foundation\\Http\\Middleware\\TransformsRequest->handle(Object(Illuminate\\Http\\Request), Object(Closure))
#29 C:\\laragon\\www\\ECM_php_branch_vijaya\\vendor\\laravel\\framework\\src\\Illuminate\\Pipeline\\Pipeline.php(167): Illuminate\\Foundation\\Http\\Middleware\\ConvertEmptyStringsToNull->handle(Object(Illuminate\\Http\\Request), Object(Closure))
#30 C:\\laragon\\www\\ECM_php_branch_vijaya\\vendor\\laravel\\framework\\src\\Illuminate\\Foundation\\Http\\Middleware\\TransformsRequest.php(21): Illuminate\\Pipeline\\Pipeline->Illuminate\\Pipeline\\{closure}(Object(Illuminate\\Http\\Request))
#31 C:\\laragon\\www\\ECM_php_branch_vijaya\\vendor\\laravel\\framework\\src\\Illuminate\\Foundation\\Http\\Middleware\\TrimStrings.php(40): Illuminate\\Foundation\\Http\\Middleware\\TransformsRequest->handle(Object(Illuminate\\Http\\Request), Object(Closure))
#32 C:\\laragon\\www\\ECM_php_branch_vijaya\\vendor\\laravel\\framework\\src\\Illuminate\\Pipeline\\Pipeline.php(167): Illuminate\\Foundation\\Http\\Middleware\\TrimStrings->handle(Object(Illuminate\\Http\\Request), Object(Closure))
#33 C:\\laragon\\www\\ECM_php_branch_vijaya\\vendor\\laravel\\framework\\src\\Illuminate\\Foundation\\Http\\Middleware\\ValidatePostSize.php(27): Illuminate\\Pipeline\\Pipeline->Illuminate\\Pipeline\\{closure}(Object(Illuminate\\Http\\Request))
#34 C:\\laragon\\www\\ECM_php_branch_vijaya\\vendor\\laravel\\framework\\src\\Illuminate\\Pipeline\\Pipeline.php(167): Illuminate\\Foundation\\Http\\Middleware\\ValidatePostSize->handle(Object(Illuminate\\Http\\Request), Object(Closure))
#35 C:\\laragon\\www\\ECM_php_branch_vijaya\\vendor\\laravel\\framework\\src\\Illuminate\\Foundation\\Http\\Middleware\\PreventRequestsDuringMaintenance.php(86): Illuminate\\Pipeline\\Pipeline->Illuminate\\Pipeline\\{closure}(Object(Illuminate\\Http\\Request))
#36 C:\\laragon\\www\\ECM_php_branch_vijaya\\vendor\\laravel\\framework\\src\\Illuminate\\Pipeline\\Pipeline.php(167): Illuminate\\Foundation\\Http\\Middleware\\PreventRequestsDuringMaintenance->handle(Object(Illuminate\\Http\\Request), Object(Closure))
#37 C:\\laragon\\www\\ECM_php_branch_vijaya\\vendor\\fruitcake\\laravel-cors\\src\\HandleCors.php(38): Illuminate\\Pipeline\\Pipeline->Illuminate\\Pipeline\\{closure}(Object(Illuminate\\Http\\Request))
#38 C:\\laragon\\www\\ECM_php_branch_vijaya\\vendor\\laravel\\framework\\src\\Illuminate\\Pipeline\\Pipeline.php(167): Fruitcake\\Cors\\HandleCors->handle(Object(Illuminate\\Http\\Request), Object(Closure))
#39 C:\\laragon\\www\\ECM_php_branch_vijaya\\vendor\\laravel\\framework\\src\\Illuminate\\Http\\Middleware\\TrustProxies.php(39): Illuminate\\Pipeline\\Pipeline->Illuminate\\Pipeline\\{closure}(Object(Illuminate\\Http\\Request))
#40 C:\\laragon\\www\\ECM_php_branch_vijaya\\vendor\\laravel\\framework\\src\\Illuminate\\Pipeline\\Pipeline.php(167): Illuminate\\Http\\Middleware\\TrustProxies->handle(Object(Illuminate\\Http\\Request), Object(Closure))
#41 C:\\laragon\\www\\ECM_php_branch_vijaya\\vendor\\laravel\\framework\\src\\Illuminate\\Pipeline\\Pipeline.php(103): Illuminate\\Pipeline\\Pipeline->Illuminate\\Pipeline\\{closure}(Object(Illuminate\\Http\\Request))
#42 C:\\laragon\\www\\ECM_php_branch_vijaya\\vendor\\laravel\\framework\\src\\Illuminate\\Foundation\\Http\\Kernel.php(142): Illuminate\\Pipeline\\Pipeline->then(Object(Closure))
#43 C:\\laragon\\www\\ECM_php_branch_vijaya\\vendor\\laravel\\framework\\src\\Illuminate\\Foundation\\Http\\Kernel.php(111): Illuminate\\Foundation\\Http\\Kernel->sendRequestThroughRouter(Object(Illuminate\\Http\\Request))
#44 C:\\laragon\\www\\ECM_php_branch_vijaya\\public\\index.php(52): Illuminate\\Foundation\\Http\\Kernel->handle(Object(Illuminate\\Http\\Request))
#45 C:\\laragon\\www\\ECM_php_branch_vijaya\\server.php(21): require_once('C:\\\\laragon\\\\www\\\\...')
#46 {main}
"} 
[2024-10-19 12:02:29] local.INFO: logout the user by  redirecting to the logout url {"ip_address":"127.0.0.1"} 
[2024-10-19 12:02:30] local.ERROR: Attempt to read property "user" on null {"exception":"[object] (ErrorException(code: 0): Attempt to read property \"user\" on null at C:\\laragon\\www\\ECM_php_branch_vijaya\\app\\Http\\Controllers\\CheckAuthController.php:140)
[stacktrace]
#0 C:\\laragon\\www\\ECM_php_branch_vijaya\\app\\Http\\Controllers\\CheckAuthController.php(140): Illuminate\\Foundation\\Bootstrap\\HandleExceptions->handleError(2, 'Attempt to read...', 'C:\\\\laragon\\\\www\\\\...', 140)
#1 C:\\laragon\\www\\ECM_php_branch_vijaya\\vendor\\laravel\\framework\\src\\Illuminate\\Routing\\Controller.php(54): App\\Http\\Controllers\\CheckAuthController->LoginAuth0(Object(Illuminate\\Http\\Request))
#2 C:\\laragon\\www\\ECM_php_branch_vijaya\\vendor\\laravel\\framework\\src\\Illuminate\\Routing\\ControllerDispatcher.php(45): Illuminate\\Routing\\Controller->callAction('LoginAuth0', Array)
#3 C:\\laragon\\www\\ECM_php_branch_vijaya\\vendor\\laravel\\framework\\src\\Illuminate\\Routing\\Route.php(262): Illuminate\\Routing\\ControllerDispatcher->dispatch(Object(Illuminate\\Routing\\Route), Object(App\\Http\\Controllers\\CheckAuthController), 'LoginAuth0')
#4 C:\\laragon\\www\\ECM_php_branch_vijaya\\vendor\\laravel\\framework\\src\\Illuminate\\Routing\\Route.php(205): Illuminate\\Routing\\Route->runController()
#5 C:\\laragon\\www\\ECM_php_branch_vijaya\\vendor\\laravel\\framework\\src\\Illuminate\\Routing\\Router.php(721): Illuminate\\Routing\\Route->run()
#6 C:\\laragon\\www\\ECM_php_branch_vijaya\\vendor\\laravel\\framework\\src\\Illuminate\\Pipeline\\Pipeline.php(128): Illuminate\\Routing\\Router->Illuminate\\Routing\\{closure}(Object(Illuminate\\Http\\Request))
#7 C:\\laragon\\www\\ECM_php_branch_vijaya\\vendor\\laravel\\framework\\src\\Illuminate\\Routing\\Middleware\\SubstituteBindings.php(50): Illuminate\\Pipeline\\Pipeline->Illuminate\\Pipeline\\{closure}(Object(Illuminate\\Http\\Request))
#8 C:\\laragon\\www\\ECM_php_branch_vijaya\\vendor\\laravel\\framework\\src\\Illuminate\\Pipeline\\Pipeline.php(167): Illuminate\\Routing\\Middleware\\SubstituteBindings->handle(Object(Illuminate\\Http\\Request), Object(Closure))
#9 C:\\laragon\\www\\ECM_php_branch_vijaya\\vendor\\laravel\\framework\\src\\Illuminate\\Foundation\\Http\\Middleware\\VerifyCsrfToken.php(78): Illuminate\\Pipeline\\Pipeline->Illuminate\\Pipeline\\{closure}(Object(Illuminate\\Http\\Request))
#10 C:\\laragon\\www\\ECM_php_branch_vijaya\\vendor\\laravel\\framework\\src\\Illuminate\\Pipeline\\Pipeline.php(167): Illuminate\\Foundation\\Http\\Middleware\\VerifyCsrfToken->handle(Object(Illuminate\\Http\\Request), Object(Closure))
#11 C:\\laragon\\www\\ECM_php_branch_vijaya\\vendor\\laravel\\framework\\src\\Illuminate\\View\\Middleware\\ShareErrorsFromSession.php(49): Illuminate\\Pipeline\\Pipeline->Illuminate\\Pipeline\\{closure}(Object(Illuminate\\Http\\Request))
#12 C:\\laragon\\www\\ECM_php_branch_vijaya\\vendor\\laravel\\framework\\src\\Illuminate\\Pipeline\\Pipeline.php(167): Illuminate\\View\\Middleware\\ShareErrorsFromSession->handle(Object(Illuminate\\Http\\Request), Object(Closure))
#13 C:\\laragon\\www\\ECM_php_branch_vijaya\\vendor\\laravel\\framework\\src\\Illuminate\\Session\\Middleware\\StartSession.php(121): Illuminate\\Pipeline\\Pipeline->Illuminate\\Pipeline\\{closure}(Object(Illuminate\\Http\\Request))
#14 C:\\laragon\\www\\ECM_php_branch_vijaya\\vendor\\laravel\\framework\\src\\Illuminate\\Session\\Middleware\\StartSession.php(64): Illuminate\\Session\\Middleware\\StartSession->handleStatefulRequest(Object(Illuminate\\Http\\Request), Object(Illuminate\\Session\\Store), Object(Closure))
#15 C:\\laragon\\www\\ECM_php_branch_vijaya\\vendor\\laravel\\framework\\src\\Illuminate\\Pipeline\\Pipeline.php(167): Illuminate\\Session\\Middleware\\StartSession->handle(Object(Illuminate\\Http\\Request), Object(Closure))
#16 C:\\laragon\\www\\ECM_php_branch_vijaya\\vendor\\laravel\\framework\\src\\Illuminate\\Cookie\\Middleware\\AddQueuedCookiesToResponse.php(37): Illuminate\\Pipeline\\Pipeline->Illuminate\\Pipeline\\{closure}(Object(Illuminate\\Http\\Request))
#17 C:\\laragon\\www\\ECM_php_branch_vijaya\\vendor\\laravel\\framework\\src\\Illuminate\\Pipeline\\Pipeline.php(167): Illuminate\\Cookie\\Middleware\\AddQueuedCookiesToResponse->handle(Object(Illuminate\\Http\\Request), Object(Closure))
#18 C:\\laragon\\www\\ECM_php_branch_vijaya\\vendor\\laravel\\framework\\src\\Illuminate\\Cookie\\Middleware\\EncryptCookies.php(67): Illuminate\\Pipeline\\Pipeline->Illuminate\\Pipeline\\{closure}(Object(Illuminate\\Http\\Request))
#19 C:\\laragon\\www\\ECM_php_branch_vijaya\\vendor\\laravel\\framework\\src\\Illuminate\\Pipeline\\Pipeline.php(167): Illuminate\\Cookie\\Middleware\\EncryptCookies->handle(Object(Illuminate\\Http\\Request), Object(Closure))
#20 C:\\laragon\\www\\ECM_php_branch_vijaya\\vendor\\laravel\\framework\\src\\Illuminate\\Pipeline\\Pipeline.php(103): Illuminate\\Pipeline\\Pipeline->Illuminate\\Pipeline\\{closure}(Object(Illuminate\\Http\\Request))
#21 C:\\laragon\\www\\ECM_php_branch_vijaya\\vendor\\laravel\\framework\\src\\Illuminate\\Routing\\Router.php(723): Illuminate\\Pipeline\\Pipeline->then(Object(Closure))
#22 C:\\laragon\\www\\ECM_php_branch_vijaya\\vendor\\laravel\\framework\\src\\Illuminate\\Routing\\Router.php(698): Illuminate\\Routing\\Router->runRouteWithinStack(Object(Illuminate\\Routing\\Route), Object(Illuminate\\Http\\Request))
#23 C:\\laragon\\www\\ECM_php_branch_vijaya\\vendor\\laravel\\framework\\src\\Illuminate\\Routing\\Router.php(662): Illuminate\\Routing\\Router->runRoute(Object(Illuminate\\Http\\Request), Object(Illuminate\\Routing\\Route))
#24 C:\\laragon\\www\\ECM_php_branch_vijaya\\vendor\\laravel\\framework\\src\\Illuminate\\Routing\\Router.php(651): Illuminate\\Routing\\Router->dispatchToRoute(Object(Illuminate\\Http\\Request))
#25 C:\\laragon\\www\\ECM_php_branch_vijaya\\vendor\\laravel\\framework\\src\\Illuminate\\Foundation\\Http\\Kernel.php(167): Illuminate\\Routing\\Router->dispatch(Object(Illuminate\\Http\\Request))
#26 C:\\laragon\\www\\ECM_php_branch_vijaya\\vendor\\laravel\\framework\\src\\Illuminate\\Pipeline\\Pipeline.php(128): Illuminate\\Foundation\\Http\\Kernel->Illuminate\\Foundation\\Http\\{closure}(Object(Illuminate\\Http\\Request))
#27 C:\\laragon\\www\\ECM_php_branch_vijaya\\vendor\\laravel\\framework\\src\\Illuminate\\Foundation\\Http\\Middleware\\TransformsRequest.php(21): Illuminate\\Pipeline\\Pipeline->Illuminate\\Pipeline\\{closure}(Object(Illuminate\\Http\\Request))
#28 C:\\laragon\\www\\ECM_php_branch_vijaya\\vendor\\laravel\\framework\\src\\Illuminate\\Foundation\\Http\\Middleware\\ConvertEmptyStringsToNull.php(31): Illuminate\\Foundation\\Http\\Middleware\\TransformsRequest->handle(Object(Illuminate\\Http\\Request), Object(Closure))
#29 C:\\laragon\\www\\ECM_php_branch_vijaya\\vendor\\laravel\\framework\\src\\Illuminate\\Pipeline\\Pipeline.php(167): Illuminate\\Foundation\\Http\\Middleware\\ConvertEmptyStringsToNull->handle(Object(Illuminate\\Http\\Request), Object(Closure))
#30 C:\\laragon\\www\\ECM_php_branch_vijaya\\vendor\\laravel\\framework\\src\\Illuminate\\Foundation\\Http\\Middleware\\TransformsRequest.php(21): Illuminate\\Pipeline\\Pipeline->Illuminate\\Pipeline\\{closure}(Object(Illuminate\\Http\\Request))
#31 C:\\laragon\\www\\ECM_php_branch_vijaya\\vendor\\laravel\\framework\\src\\Illuminate\\Foundation\\Http\\Middleware\\TrimStrings.php(40): Illuminate\\Foundation\\Http\\Middleware\\TransformsRequest->handle(Object(Illuminate\\Http\\Request), Object(Closure))
#32 C:\\laragon\\www\\ECM_php_branch_vijaya\\vendor\\laravel\\framework\\src\\Illuminate\\Pipeline\\Pipeline.php(167): Illuminate\\Foundation\\Http\\Middleware\\TrimStrings->handle(Object(Illuminate\\Http\\Request), Object(Closure))
#33 C:\\laragon\\www\\ECM_php_branch_vijaya\\vendor\\laravel\\framework\\src\\Illuminate\\Foundation\\Http\\Middleware\\ValidatePostSize.php(27): Illuminate\\Pipeline\\Pipeline->Illuminate\\Pipeline\\{closure}(Object(Illuminate\\Http\\Request))
#34 C:\\laragon\\www\\ECM_php_branch_vijaya\\vendor\\laravel\\framework\\src\\Illuminate\\Pipeline\\Pipeline.php(167): Illuminate\\Foundation\\Http\\Middleware\\ValidatePostSize->handle(Object(Illuminate\\Http\\Request), Object(Closure))
#35 C:\\laragon\\www\\ECM_php_branch_vijaya\\vendor\\laravel\\framework\\src\\Illuminate\\Foundation\\Http\\Middleware\\PreventRequestsDuringMaintenance.php(86): Illuminate\\Pipeline\\Pipeline->Illuminate\\Pipeline\\{closure}(Object(Illuminate\\Http\\Request))
#36 C:\\laragon\\www\\ECM_php_branch_vijaya\\vendor\\laravel\\framework\\src\\Illuminate\\Pipeline\\Pipeline.php(167): Illuminate\\Foundation\\Http\\Middleware\\PreventRequestsDuringMaintenance->handle(Object(Illuminate\\Http\\Request), Object(Closure))
#37 C:\\laragon\\www\\ECM_php_branch_vijaya\\vendor\\fruitcake\\laravel-cors\\src\\HandleCors.php(38): Illuminate\\Pipeline\\Pipeline->Illuminate\\Pipeline\\{closure}(Object(Illuminate\\Http\\Request))
#38 C:\\laragon\\www\\ECM_php_branch_vijaya\\vendor\\laravel\\framework\\src\\Illuminate\\Pipeline\\Pipeline.php(167): Fruitcake\\Cors\\HandleCors->handle(Object(Illuminate\\Http\\Request), Object(Closure))
#39 C:\\laragon\\www\\ECM_php_branch_vijaya\\vendor\\laravel\\framework\\src\\Illuminate\\Http\\Middleware\\TrustProxies.php(39): Illuminate\\Pipeline\\Pipeline->Illuminate\\Pipeline\\{closure}(Object(Illuminate\\Http\\Request))
#40 C:\\laragon\\www\\ECM_php_branch_vijaya\\vendor\\laravel\\framework\\src\\Illuminate\\Pipeline\\Pipeline.php(167): Illuminate\\Http\\Middleware\\TrustProxies->handle(Object(Illuminate\\Http\\Request), Object(Closure))
#41 C:\\laragon\\www\\ECM_php_branch_vijaya\\vendor\\laravel\\framework\\src\\Illuminate\\Pipeline\\Pipeline.php(103): Illuminate\\Pipeline\\Pipeline->Illuminate\\Pipeline\\{closure}(Object(Illuminate\\Http\\Request))
#42 C:\\laragon\\www\\ECM_php_branch_vijaya\\vendor\\laravel\\framework\\src\\Illuminate\\Foundation\\Http\\Kernel.php(142): Illuminate\\Pipeline\\Pipeline->then(Object(Closure))
#43 C:\\laragon\\www\\ECM_php_branch_vijaya\\vendor\\laravel\\framework\\src\\Illuminate\\Foundation\\Http\\Kernel.php(111): Illuminate\\Foundation\\Http\\Kernel->sendRequestThroughRouter(Object(Illuminate\\Http\\Request))
#44 C:\\laragon\\www\\ECM_php_branch_vijaya\\public\\index.php(52): Illuminate\\Foundation\\Http\\Kernel->handle(Object(Illuminate\\Http\\Request))
#45 C:\\laragon\\www\\ECM_php_branch_vijaya\\server.php(21): require_once('C:\\\\laragon\\\\www\\\\...')
#46 {main}
"} 
[2024-10-19 12:03:06] local.INFO: user Login by auth0 {"ip_address":"127.0.0.1"} 
[2024-10-19 12:03:27] local.INFO: User login by user email  {"ip_address":"127.0.0.1","user":"admin@ecm.com"} 
[2024-10-19 12:03:30] local.INFO: the user present, go for dashboard  {"ip_address":"127.0.0.1","user":"admin@ecm.com"} 
[2024-10-19 12:03:31] local.INFO:  Dashboard page retrived by user  {"ip_address":"127.0.0.1","user_id":"admin@ecm.com"} 
[2024-10-19 12:40:12] local.INFO: User login by user email  {"ip_address":"127.0.0.1","user":"admin@ecm.com"} []
[2024-10-19 12:40:13] local.INFO: User login by user email  {"ip_address":"127.0.0.1","user":"admin@ecm.com"} []
[2024-10-19 12:40:19] local.INFO: the user present, go for dashboard  {"ip_address":"127.0.0.1","user":"admin@ecm.com"} []
[2024-10-19 12:40:20] local.INFO:  Dashboard page retrived by user  {"ip_address":"127.0.0.1","user_id":"admin@ecm.com"} []
[2024-10-19 12:41:59] local.INFO: logout the user by  redirecting to the logout url {"ip_address":"127.0.0.1"} []
[2024-10-19 12:42:00] local.INFO: user Login by auth0 {"ip_address":"127.0.0.1"} []
[2024-10-19 18:16:24] local.INFO: user Login by auth0 {"ip_address":"127.0.0.1"} []
[2024-10-19 18:16:24] local.INFO: user Login by auth0 {"ip_address":"127.0.0.1"} []
[2024-10-19 18:16:40] local.INFO: User login by user email  {"ip_address":"127.0.0.1","user":"admin@ecm.com"} []
[2024-10-19 18:17:58] local.INFO: the user present, go for dashboard  {"ip_address":"127.0.0.1","user":"admin@ecm.com"} []
[2024-10-19 18:17:59] local.INFO:  Dashboard page retrived by user  {"ip_address":"127.0.0.1","user_id":"admin@ecm.com"} []
[2024-10-19 18:22:51] local.INFO: logout the user by  redirecting to the logout url {"ip_address":"127.0.0.1"} []
[2024-10-19 18:22:51] local.ERROR: Undefined variable $user_name {"exception":"[object] (ErrorException(code: 0): Undefined variable $user_name at C:\\laragon\\www\\ECM_php_branch_vijaya\\app\\Http\\Controllers\\CheckAuthController.php:141)"} []
[2024-10-19 18:23:19] local.ERROR: Attempt to read property "user_name" on null {"exception":"[object] (ErrorException(code: 0): Attempt to read property \"user_name\" on null at C:\\laragon\\www\\ECM_php_branch_vijaya\\app\\Http\\Controllers\\CheckAuthController.php:141)"} []
[2024-10-19 18:25:27] local.ERROR: Attempt to read property "user" on null {"exception":"[object] (ErrorException(code: 0): Attempt to read property \"user\" on null at C:\\laragon\\www\\ECM_php_branch_vijaya\\app\\Http\\Controllers\\CheckAuthController.php:140)"} []
[2024-10-19 18:25:54] local.ERROR: Attempt to read property "user" on null {"exception":"[object] (ErrorException(code: 0): Attempt to read property \"user\" on null at C:\\laragon\\www\\ECM_php_branch_vijaya\\app\\Http\\Controllers\\CheckAuthController.php:140)"} []
[2024-10-19 18:26:37] local.ERROR: Attempt to read property "user" on null {"exception":"[object] (ErrorException(code: 0): Attempt to read property \"user\" on null at C:\\laragon\\www\\ECM_php_branch_vijaya\\app\\Http\\Controllers\\CheckAuthController.php:140)"} []
[2024-10-19 18:26:44] local.INFO: logout the user by  redirecting to the logout url {"ip_address":"127.0.0.1"} []
[2024-10-19 18:26:45] local.ERROR: Attempt to read property "user" on null {"exception":"[object] (ErrorException(code: 0): Attempt to read property \"user\" on null at C:\\laragon\\www\\ECM_php_branch_vijaya\\app\\Http\\Controllers\\CheckAuthController.php:140)"} []
[2024-10-19 18:27:52] local.INFO: user Login by auth0 {"ip_address":"127.0.0.1"} []
[2024-10-19 18:28:05] local.INFO: User login by user email  {"ip_address":"127.0.0.1","user":"vijaya.kaspate@biitcode.com"} []
[2024-10-19 18:29:18] local.INFO: User login by user email  {"ip_address":"127.0.0.1","user":"vijaya.kaspate@biitcode.com"} []
[2024-10-19 18:34:34] local.INFO: User login by user email  {"ip_address":"127.0.0.1","user":"vijaya.kaspate@biitcode.com"} []
[2024-10-19 18:34:37] local.WARNING: User not Present in DB , redirecting to auth0 logout page {"user":"vijaya.kaspate@biitcode.com","logout_url":"https://dev-hldzq5hbrub0deck.us.auth0.com/v2/logout?client_id=XP55JuX8fAPAQV6VahwZcIRW9YJaPAP4&returnTo=http%3A%2F%2F127.0.0.1%3A8000"} []
[2024-10-19 18:34:38] local.ERROR: Attempt to read property "user" on null {"exception":"[object] (ErrorException(code: 0): Attempt to read property \"user\" on null at C:\\laragon\\www\\ECM_php_branch_vijaya\\app\\Http\\Controllers\\CheckAuthController.php:136)"} []
[2024-10-19 18:37:14] local.ERROR: Attempt to read property "user" on null {"exception":"[object] (ErrorException(code: 0): Attempt to read property \"user\" on null at C:\\laragon\\www\\ECM_php_branch_vijaya\\app\\Http\\Controllers\\CheckAuthController.php:136)"} []
[2024-10-19 18:38:12] local.ERROR: Attempt to read property "user" on null {"exception":"[object] (ErrorException(code: 0): Attempt to read property \"user\" on null at C:\\laragon\\www\\ECM_php_branch_vijaya\\app\\Http\\Controllers\\CheckAuthController.php:136)"} []
[2024-10-19 18:38:43] local.ERROR: Attempt to read property "user" on null {"exception":"[object] (ErrorException(code: 0): Attempt to read property \"user\" on null at C:\\laragon\\www\\ECM_php_branch_vijaya\\app\\Http\\Controllers\\CheckAuthController.php:136)"} []
[2024-10-19 18:38:43] local.ERROR: Attempt to read property "user" on null {"exception":"[object] (ErrorException(code: 0): Attempt to read property \"user\" on null at C:\\laragon\\www\\ECM_php_branch_vijaya\\app\\Http\\Controllers\\CheckAuthController.php:136)"} []
[2024-10-19 18:39:23] local.INFO: user Login by auth0 {"ip_address":"127.0.0.1","user_name":null} []
[2024-10-19 18:39:43] local.ERROR: Cannot use object of type stdClass as array {"exception":"[object] (Error(code: 0): Cannot use object of type stdClass as array at C:\\laragon\\www\\ECM_php_branch_vijaya\\app\\Http\\Controllers\\CheckAuthController.php:137)"} []
[2024-10-19 18:41:09] local.INFO: User login by user email  {"ip_address":"127.0.0.1","user":"vijaya.kaspate@biitcode.com"} []
[2024-10-19 18:42:23] local.INFO: User login by user email  {"ip_address":"127.0.0.1","user":"vijaya.kaspate@biitcode.com"} []
[2024-10-19 18:42:25] local.WARNING: User not Present in DB , redirecting to auth0 logout page {"user":"vijaya.kaspate@biitcode.com","logout_url":"https://dev-hldzq5hbrub0deck.us.auth0.com/v2/logout?client_id=XP55JuX8fAPAQV6VahwZcIRW9YJaPAP4&returnTo=http%3A%2F%2F127.0.0.1%3A8000"} []
[2024-10-19 18:42:26] local.ERROR: Trying to access array offset on value of type null {"exception":"[object] (ErrorException(code: 0): Trying to access array offset on value of type null at C:\\laragon\\www\\ECM_php_branch_vijaya\\app\\Http\\Controllers\\CheckAuthController.php:140)"} []
[2024-10-19 18:45:21] local.INFO: user Login by auth0 {"ip_address":"127.0.0.1","user_name":"Guest"} []
[2024-10-19 18:45:50] local.INFO: User login by user email  {"ip_address":"127.0.0.1","user":"vijaya.kaspate@biitcode.com"} []
[2024-10-19 18:45:53] local.WARNING: User not Present in DB , redirecting to auth0 logout page {"user":"vijaya.kaspate@biitcode.com","logout_url":"https://dev-hldzq5hbrub0deck.us.auth0.com/v2/logout?client_id=XP55JuX8fAPAQV6VahwZcIRW9YJaPAP4&returnTo=http%3A%2F%2F127.0.0.1%3A8000"} []
[2024-10-19 18:45:54] local.INFO: user Login by auth0 {"ip_address":"127.0.0.1","user_name":"Guest"} []
[2024-10-19 18:48:17] local.ERROR: Invalid state {"exception":"[object] (Auth0\\SDK\\Exception\\StateException(code: 0): Invalid state at C:\\laragon\\www\\ECM_php_branch_vijaya\\vendor\\auth0\\auth0-php\\src\\Exception\\StateException.php:82)"} []
[2024-10-19 18:48:30] local.ERROR: Invalid state {"exception":"[object] (Auth0\\SDK\\Exception\\StateException(code: 0): Invalid state at C:\\laragon\\www\\ECM_php_branch_vijaya\\vendor\\auth0\\auth0-php\\src\\Exception\\StateException.php:82)"} []
[2024-10-19 18:49:54] local.ERROR: Invalid state {"exception":"[object] (Auth0\\SDK\\Exception\\StateException(code: 0): Invalid state at C:\\laragon\\www\\ECM_php_branch_vijaya\\vendor\\auth0\\auth0-php\\src\\Exception\\StateException.php:82)"} []
[2024-10-19 18:50:30] local.ERROR: Invalid state {"exception":"[object] (Auth0\\SDK\\Exception\\StateException(code: 0): Invalid state at C:\\laragon\\www\\ECM_php_branch_vijaya\\vendor\\auth0\\auth0-php\\src\\Exception\\StateException.php:82)"} []
[2024-10-19 18:50:45] local.ERROR: Invalid state {"exception":"[object] (Auth0\\SDK\\Exception\\StateException(code: 0): Invalid state at C:\\laragon\\www\\ECM_php_branch_vijaya\\vendor\\auth0\\auth0-php\\src\\Exception\\StateException.php:82)"} []
[2024-10-19 18:51:19] local.ERROR: Invalid state {"exception":"[object] (Auth0\\SDK\\Exception\\StateException(code: 0): Invalid state at C:\\laragon\\www\\ECM_php_branch_vijaya\\vendor\\auth0\\auth0-php\\src\\Exception\\StateException.php:82)"} []
[2024-10-19 18:51:37] local.INFO: user Login by auth0 [] []
[2024-10-19 18:51:39] local.INFO: already logIn go to dashboard  [] []
[2024-10-19 18:59:15] local.INFO:  Login by Auth0   {"name":"vijaya.kaspate@biitcode.com"} []
[2024-10-19 18:59:18] local.WARNING: User not Present in DB , redirecting to auth0 logout page {"user":"vijaya.kaspate@biitcode.com","logout_url":"https://dev-hldzq5hbrub0deck.us.auth0.com/v2/logout?client_id=XP55JuX8fAPAQV6VahwZcIRW9YJaPAP4&returnTo=http%3A%2F%2F127.0.0.1%3A8000"} []
[2024-10-19 19:02:13] local.INFO:  Login by Auth0   {"name":"admin@ecm.com"} []
[2024-10-19 19:02:16] local.INFO: the user present, go for dashboard  {"user":"admin@ecm.com"} []
[2024-10-19 19:02:16] local.INFO:  Dashboard page retrived by user  {"ip_address":"127.0.0.1","user_id":"admin@ecm.com"} []
[2024-10-19 19:04:44] local.INFO: company list page  accessed by user {"ip_address":"127.0.0.1","user_id":"admin@ecm.com"} []
[2024-10-19 19:04:47] local.INFO: the Country page retrived successfully by user {"ip_address":"127.0.0.1","user_id":"admin@ecm.com"} []
[2024-10-19 19:04:50] local.INFO: Agent page  method called. {"ip_address":"127.0.0.1","user_id":"admin@ecm.com"} []
[2024-10-19 19:04:51] local.INFO: getDwsServicesInfo{"vatRates":0,"lastName":null,"country":null,"agentsAllowed":17,"city":null,"telephone1":null,"priceList":{"unit":"mo","ticketPrice":0.1,"ticketCurrency":"EUR","agentCost":1,"bonus":[],"channelBasicCost":30,"id":4},"channelsBasicIDs":[0,13],"billingFullName":"Emvoltic","postalcode":null,"billingVatID":null,"company":null,"currency":"EUR","fax":null,"credit":45,"email":"avadhut.tayshete@powr2.com","vatCode":"IT2","channelsAllowed":2,"cost":{"unit":"mo","total":77,"channelsBasic":60,"agents":17},"billingCodCountry":"IN","vatViesEUVATID":null,"address2":null,"address1":null,"timeZone":null,"stateprovince":null,"billingStateProvince":null,"billingRegNum":null,"firstName":null,"channelsBasicAllowed":2,"vatViesEU":false,"billingPostalCode":"411057","billingAddress":null,"localeID":"en_IN","billingCity":"Pune","agentsInstalled":7} [] []
[2024-10-19 19:04:51] local.INFO: Agent page retrieved successfully. {"ip_address":"127.0.0.1","user_id":"admin@ecm.com"} []
[2024-10-19 19:04:52] local.INFO: Agent page  method called. {"ip_address":"127.0.0.1","user_id":"admin@ecm.com"} []
[2024-10-19 19:04:52] local.INFO: getDwsServicesInfo{"vatRates":0,"lastName":null,"country":null,"agentsAllowed":17,"city":null,"telephone1":null,"priceList":{"unit":"mo","ticketPrice":0.1,"ticketCurrency":"EUR","agentCost":1,"bonus":[],"channelBasicCost":30,"id":4},"channelsBasicIDs":[0,13],"billingFullName":"Emvoltic","postalcode":null,"billingVatID":null,"company":null,"currency":"EUR","fax":null,"credit":45,"email":"avadhut.tayshete@powr2.com","vatCode":"IT2","channelsAllowed":2,"cost":{"unit":"mo","total":77,"channelsBasic":60,"agents":17},"billingCodCountry":"IN","vatViesEUVATID":null,"address2":null,"address1":null,"timeZone":null,"stateprovince":null,"billingStateProvince":null,"billingRegNum":null,"firstName":null,"channelsBasicAllowed":2,"vatViesEU":false,"billingPostalCode":"411057","billingAddress":null,"localeID":"en_IN","billingCity":"Pune","agentsInstalled":7} [] []
[2024-10-19 19:04:52] local.INFO: Agent page retrieved successfully. {"ip_address":"127.0.0.1","user_id":"admin@ecm.com"} []
[2024-10-19 19:04:58] local.INFO: channel list page retrived by user successfully {"ip_address":"127.0.0.1","user_id":"admin@ecm.com"} []
[2024-10-19 19:05:11] local.INFO: reporting page  accessed by user {"ip_address":"127.0.0.1","user_id":"admin@ecm.com"} []
[2024-10-19 19:05:46] local.INFO: login to company dashboard by user {"ip_address":"127.0.0.1","user_id":"admin@ecm.com"} []
[2024-10-19 19:06:19] local.INFO: login to company dashboard by user {"ip_address":"127.0.0.1","user_id":"admin@ecm.com"} []
[2024-10-19 19:06:35] local.INFO: error list called by user  {"ip_address":"127.0.0.1","user_id":"admin@ecm.com"} []
[2024-10-19 19:07:20] local.INFO: user list page retrived by user successfully {"ip_address":"127.0.0.1","user_id":"admin@ecm.com"} []
[2024-10-19 19:07:27] local.INFO: adduser page retrived successfully by user {"ip_address":"127.0.0.1","user_id":"admin@ecm.com"} []
[2024-10-19 19:07:50] local.INFO: the Systemoverview page is retrived successfully by user {"ip_address":"127.0.0.1","user_id":"admin@ecm.com"} []
[2024-10-19 19:07:59] local.INFO: the Systemoverview page is retrived successfully by user {"ip_address":"127.0.0.1","user_id":"admin@ecm.com"} []
[2024-10-19 19:08:09] local.INFO: add device page is retrived by user successfully {"ip_address":"127.0.0.1","user_id":"admin@ecm.com"} []
[2024-10-19 19:08:35] local.INFO: Chart list page retrived by user {"ip_address":"127.0.0.1","user_id":"admin@ecm.com"} []
[2024-10-19 19:10:58] local.INFO:  Login by Auth0   {"name":"vijaya.kaspate","email":"vijaya.kaspate@biitcode.com"} []
[2024-10-19 19:11:01] local.WARNING: User not Present in DB , redirecting to auth0 logout page {"user":"vijaya.kaspate@biitcode.com","logout_url":"https://dev-hldzq5hbrub0deck.us.auth0.com/v2/logout?client_id=XP55JuX8fAPAQV6VahwZcIRW9YJaPAP4&returnTo=http%3A%2F%2F127.0.0.1%3A8000"} []
[2024-10-19 19:29:42] local.INFO:  Login by Auth0   {"name":"admin","email":"admin@ecm.com"} []
[2024-10-19 19:29:46] local.INFO: the user present, go for dashboard  {"user":"admin@ecm.com"} []
[2024-10-19 19:29:47] local.INFO:  Dashboard page retrived by user  {"ip_address":"127.0.0.1","user_id":"admin@ecm.com"} []
[2024-10-19 19:31:28] local.INFO: company list page  accessed by user {"ip_address":"127.0.0.1","user_id":"admin@ecm.com"} []
[2024-10-19 19:31:52] local.INFO: the Country page retrived successfully by user {"ip_address":"127.0.0.1","user_id":"admin@ecm.com"} []
[2024-10-19 19:32:06] local.INFO: Agent page  method called. {"ip_address":"127.0.0.1","user_id":"admin@ecm.com"} []
[2024-10-19 19:32:07] local.INFO: getDwsServicesInfo{"vatRates":0,"lastName":null,"country":null,"agentsAllowed":17,"city":null,"telephone1":null,"priceList":{"unit":"mo","ticketPrice":0.1,"ticketCurrency":"EUR","agentCost":1,"bonus":[],"channelBasicCost":30,"id":4},"channelsBasicIDs":[0,13],"billingFullName":"Emvoltic","postalcode":null,"billingVatID":null,"company":null,"currency":"EUR","fax":null,"credit":45,"email":"avadhut.tayshete@powr2.com","vatCode":"IT2","channelsAllowed":2,"cost":{"unit":"mo","total":77,"channelsBasic":60,"agents":17},"billingCodCountry":"IN","vatViesEUVATID":null,"address2":null,"address1":null,"timeZone":null,"stateprovince":null,"billingStateProvince":null,"billingRegNum":null,"firstName":null,"channelsBasicAllowed":2,"vatViesEU":false,"billingPostalCode":"411057","billingAddress":null,"localeID":"en_IN","billingCity":"Pune","agentsInstalled":7} [] []
[2024-10-19 19:32:07] local.INFO: Agent page retrieved successfully. {"ip_address":"127.0.0.1","user_id":"admin@ecm.com"} []
[2024-10-19 19:32:37] local.INFO: channel list page retrived by user successfully {"ip_address":"127.0.0.1","user_id":"admin@ecm.com"} []
[2024-10-19 19:33:11] local.INFO: reporting page  accessed by user {"ip_address":"127.0.0.1","user_id":"admin@ecm.com"} []
[2024-10-19 19:33:40] local.INFO: channel add page retrived by user succssfully  {"ip_address":"127.0.0.1","user_id":"admin@ecm.com"} []
[2024-10-19 19:34:20] local.INFO: user list page retrived by user successfully {"ip_address":"127.0.0.1","user_id":"admin@ecm.com"} []
[2024-10-19 19:34:37] local.INFO: adduser page retrived successfully by user {"ip_address":"127.0.0.1","user_id":"admin@ecm.com"} []
[2024-10-19 19:34:56] local.INFO: company list page  accessed by user {"ip_address":"127.0.0.1","user_id":"admin@ecm.com"} []
[2024-10-19 19:35:02] local.INFO: login to company dashboard by user {"ip_address":"127.0.0.1","user_id":"admin@ecm.com"} []
[2024-10-19 19:35:35] local.INFO: error list called by user  {"ip_address":"127.0.0.1","user_id":"admin@ecm.com"} []
[2024-10-19 19:36:10] local.INFO: add new warning record by user {"ip_address":"127.0.0.1","user_id":"admin@ecm.com"} []
[2024-10-19 19:36:39] local.INFO: the new users list page retrived successfully by user {"ip_address":"127.0.0.1","user_id":"admin@ecm.com"} []
[2024-10-19 19:36:50] local.INFO: warning delete by user {"ip_address":"127.0.0.1","user_id":"admin@ecm.com"} []
[2024-10-19 19:37:49] local.INFO: user list page retrived by user successfully {"ip_address":"127.0.0.1","user_id":"admin@ecm.com"} []
[2024-10-19 19:38:23] local.INFO: the Systemoverview page is retrived successfully by user {"ip_address":"127.0.0.1","user_id":"admin@ecm.com"} []
[2024-10-19 19:39:00] local.INFO: device details page retrived by user successfully  {"ip_address":"127.0.0.1","user_id":"admin@ecm.com"} []
[2024-10-19 19:39:24] local.INFO: battery details page {"id":"65e5f198f6f78502b9021270"} []
[2024-10-19 19:40:03] local.INFO: edit device page retrived succssfully by user {"ip_address":"127.0.0.1","user_id":"admin@ecm.com"} []
[2024-10-19 19:40:35] local.INFO: Chart list page retrived by user {"ip_address":"127.0.0.1","user_id":"admin@ecm.com"} []
